{"C:\\Users\\HP\\E_rent\\frontend\\src\\components\\common\\Navbar.css": {"path":"C:\\Users\\HP\\E_rent\\frontend\\src\\components\\common\\Navbar.css","statementMap":{},"fnMap":{},"branchMap":{},"s":{},"f":{},"b":{},"meta":{"lastBranch":0,"lastFunction":0,"lastStatement":0,"seen":{}}}
,"C:\\Users\\HP\\E_rent\\frontend\\src\\components\\common\\Navbar.jsx": {"path":"C:\\Users\\HP\\E_rent\\frontend\\src\\components\\common\\Navbar.jsx","statementMap":{"0":{"start":{"line":7,"column":15},"end":{"line":93,"column":null}},"1":{"start":{"line":8,"column":40},"end":{"line":8,"column":null}},"2":{"start":{"line":9,"column":8},"end":{"line":9,"column":null}},"3":{"start":{"line":10,"column":38},"end":{"line":10,"column":null}},"4":{"start":{"line":12,"column":23},"end":{"line":15,"column":null}},"5":{"start":{"line":13,"column":4},"end":{"line":13,"column":null}},"6":{"start":{"line":14,"column":4},"end":{"line":14,"column":null}},"7":{"start":{"line":17,"column":2},"end":{"line":91,"column":null}},"8":{"start":{"line":51,"column":32},"end":{"line":51,"column":null}},"9":{"start":{"line":52,"column":32},"end":{"line":52,"column":null}}},"fnMap":{"0":{"name":"(anonymous_0)","decl":{"start":{"line":7,"column":15},"end":{"line":7,"column":21}},"loc":{"start":{"line":7,"column":21},"end":{"line":93,"column":null}},"line":7},"1":{"name":"(anonymous_1)","decl":{"start":{"line":12,"column":23},"end":{"line":12,"column":29}},"loc":{"start":{"line":12,"column":29},"end":{"line":15,"column":null}},"line":12},"2":{"name":"(anonymous_2)","decl":{"start":{"line":51,"column":26},"end":{"line":51,"column":32}},"loc":{"start":{"line":51,"column":32},"end":{"line":51,"column":null}},"line":51},"3":{"name":"(anonymous_3)","decl":{"start":{"line":52,"column":26},"end":{"line":52,"column":32}},"loc":{"start":{"line":52,"column":32},"end":{"line":52,"column":null}},"line":52}},"branchMap":{"0":{"loc":{"start":{"line":30,"column":13},"end":{"line":45,"column":null}},"type":"cond-expr","locations":[{"start":{"line":31,"column":14},"end":{"line":36,"column":null}},{"start":{"line":38,"column":14},"end":{"line":45,"column":null}}],"line":30},"1":{"loc":{"start":{"line":58,"column":13},"end":{"line":86,"column":null}},"type":"binary-expr","locations":[{"start":{"line":58,"column":13},"end":{"line":58,"column":null}},{"start":{"line":59,"column":14},"end":{"line":86,"column":null}}],"line":58},"2":{"loc":{"start":{"line":76,"column":17},"end":{"line":84,"column":null}},"type":"binary-expr","locations":[{"start":{"line":76,"column":17},"end":{"line":76,"column":null}},{"start":{"line":77,"column":18},"end":{"line":84,"column":null}}],"line":76}},"s":{"0":1,"1":2,"2":2,"3":2,"4":2,"5":0,"6":0,"7":2,"8":1,"9":0},"f":{"0":2,"1":0,"2":1,"3":0},"b":{"0":[2,0],"1":[2,1],"2":[1,1]},"meta":{"lastBranch":3,"lastFunction":4,"lastStatement":10,"seen":{"s:7:15:93:Infinity":0,"f:7:15:7:21":0,"s:8:40:8:Infinity":1,"s:9:8:9:Infinity":2,"s:10:38:10:Infinity":3,"s:12:23:15:Infinity":4,"f:12:23:12:29":1,"s:13:4:13:Infinity":5,"s:14:4:14:Infinity":6,"s:17:2:91:Infinity":7,"b:31:14:36:Infinity:38:14:45:Infinity":0,"f:51:26:51:32":2,"s:51:32:51:Infinity":8,"f:52:26:52:32":3,"s:52:32:52:Infinity":9,"b:58:13:58:Infinity:59:14:86:Infinity":1,"b:76:17:76:Infinity:77:18:84:Infinity":2}}}
,"C:\\Users\\HP\\E_rent\\frontend\\src\\components\\dashboard\\Dashboard.css": {"path":"C:\\Users\\HP\\E_rent\\frontend\\src\\components\\dashboard\\Dashboard.css","statementMap":{},"fnMap":{},"branchMap":{},"s":{},"f":{},"b":{},"meta":{"lastBranch":0,"lastFunction":0,"lastStatement":0,"seen":{}}}
,"C:\\Users\\HP\\E_rent\\frontend\\src\\components\\dashboard\\MyBookings.jsx": {"path":"C:\\Users\\HP\\E_rent\\frontend\\src\\components\\dashboard\\MyBookings.jsx","statementMap":{"0":{"start":{"line":7,"column":19},"end":{"line":196,"column":null}},"1":{"start":{"line":8,"column":15},"end":{"line":8,"column":null}},"2":{"start":{"line":9,"column":42},"end":{"line":9,"column":null}},"3":{"start":{"line":10,"column":30},"end":{"line":10,"column":null}},"4":{"start":{"line":11,"column":28},"end":{"line":11,"column":null}},"5":{"start":{"line":12,"column":42},"end":{"line":12,"column":null}},"6":{"start":{"line":13,"column":44},"end":{"line":13,"column":null}},"7":{"start":{"line":14,"column":44},"end":{"line":14,"column":null}},"8":{"start":{"line":15,"column":48},"end":{"line":15,"column":null}},"9":{"start":{"line":17,"column":2},"end":{"line":43,"column":null}},"10":{"start":{"line":18,"column":18},"end":{"line":18,"column":null}},"11":{"start":{"line":19,"column":18},"end":{"line":38,"column":null}},"12":{"start":{"line":20,"column":6},"end":{"line":20,"column":null}},"13":{"start":{"line":20,"column":17},"end":{"line":20,"column":null}},"14":{"start":{"line":21,"column":6},"end":{"line":21,"column":null}},"15":{"start":{"line":22,"column":32},"end":{"line":22,"column":null}},"16":{"start":{"line":22,"column":55},"end":{"line":22,"column":79}},"17":{"start":{"line":23,"column":18},"end":{"line":23,"column":null}},"18":{"start":{"line":24,"column":6},"end":{"line":33,"column":null}},"19":{"start":{"line":25,"column":8},"end":{"line":32,"column":null}},"20":{"start":{"line":26,"column":23},"end":{"line":26,"column":null}},"21":{"start":{"line":27,"column":26},"end":{"line":27,"column":null}},"22":{"start":{"line":28,"column":10},"end":{"line":28,"column":null}},"23":{"start":{"line":28,"column":52},"end":{"line":28,"column":85}},"24":{"start":{"line":30,"column":10},"end":{"line":30,"column":null}},"25":{"start":{"line":31,"column":10},"end":{"line":31,"column":null}},"26":{"start":{"line":34,"column":6},"end":{"line":37,"column":null}},"27":{"start":{"line":35,"column":8},"end":{"line":35,"column":null}},"28":{"start":{"line":36,"column":8},"end":{"line":36,"column":null}},"29":{"start":{"line":39,"column":4},"end":{"line":39,"column":null}},"30":{"start":{"line":40,"column":4},"end":{"line":42,"column":null}},"31":{"start":{"line":41,"column":6},"end":{"line":41,"column":null}},"32":{"start":{"line":45,"column":23},"end":{"line":61,"column":null}},"33":{"start":{"line":46,"column":4},"end":{"line":49,"column":null}},"34":{"start":{"line":47,"column":6},"end":{"line":47,"column":null}},"35":{"start":{"line":48,"column":6},"end":{"line":48,"column":null}},"36":{"start":{"line":50,"column":4},"end":{"line":50,"column":null}},"37":{"start":{"line":51,"column":4},"end":{"line":60,"column":null}},"38":{"start":{"line":52,"column":6},"end":{"line":52,"column":null}},"39":{"start":{"line":53,"column":6},"end":{"line":53,"column":null}},"40":{"start":{"line":54,"column":6},"end":{"line":54,"column":null}},"41":{"start":{"line":55,"column":6},"end":{"line":55,"column":null}},"42":{"start":{"line":57,"column":6},"end":{"line":57,"column":null}},"43":{"start":{"line":59,"column":6},"end":{"line":59,"column":null}},"44":{"start":{"line":63,"column":23},"end":{"line":75,"column":null}},"45":{"start":{"line":64,"column":4},"end":{"line":64,"column":null}},"46":{"start":{"line":64,"column":74},"end":{"line":64,"column":null}},"47":{"start":{"line":65,"column":4},"end":{"line":65,"column":null}},"48":{"start":{"line":66,"column":4},"end":{"line":74,"column":null}},"49":{"start":{"line":67,"column":6},"end":{"line":67,"column":null}},"50":{"start":{"line":68,"column":6},"end":{"line":68,"column":null}},"51":{"start":{"line":69,"column":6},"end":{"line":69,"column":null}},"52":{"start":{"line":71,"column":6},"end":{"line":71,"column":null}},"53":{"start":{"line":73,"column":6},"end":{"line":73,"column":null}},"54":{"start":{"line":77,"column":25},"end":{"line":89,"column":null}},"55":{"start":{"line":78,"column":4},"end":{"line":78,"column":null}},"56":{"start":{"line":78,"column":60},"end":{"line":78,"column":null}},"57":{"start":{"line":79,"column":4},"end":{"line":79,"column":null}},"58":{"start":{"line":80,"column":4},"end":{"line":88,"column":null}},"59":{"start":{"line":81,"column":6},"end":{"line":81,"column":null}},"60":{"start":{"line":82,"column":6},"end":{"line":82,"column":null}},"61":{"start":{"line":83,"column":6},"end":{"line":83,"column":null}},"62":{"start":{"line":85,"column":6},"end":{"line":85,"column":null}},"63":{"start":{"line":87,"column":6},"end":{"line":87,"column":null}},"64":{"start":{"line":91,"column":2},"end":{"line":98,"column":null}},"65":{"start":{"line":92,"column":4},"end":{"line":96,"column":null}},"66":{"start":{"line":100,"column":2},"end":{"line":194,"column":null}},"67":{"start":{"line":105,"column":10},"end":{"line":171,"column":null}},"68":{"start":{"line":115,"column":81},"end":{"line":115,"column":138}},"69":{"start":{"line":119,"column":79},"end":{"line":119,"column":134}},"70":{"start":{"line":122,"column":41},"end":{"line":122,"column":68}},"71":{"start":{"line":123,"column":41},"end":{"line":123,"column":66}},"72":{"start":{"line":140,"column":26},"end":{"line":140,"column":null}},"73":{"start":{"line":141,"column":26},"end":{"line":141,"column":null}},"74":{"start":{"line":147,"column":45},"end":{"line":147,"column":72}},"75":{"start":{"line":152,"column":43},"end":{"line":152,"column":72}},"76":{"start":{"line":162,"column":49},"end":{"line":162,"column":92}},"77":{"start":{"line":162,"column":92},"end":{"line":162,"column":118}},"78":{"start":{"line":176,"column":61},"end":{"line":176,"column":null}},"79":{"start":{"line":177,"column":56},"end":{"line":177,"column":null}},"80":{"start":{"line":180,"column":59},"end":{"line":180,"column":86}},"81":{"start":{"line":185,"column":16},"end":{"line":185,"column":null}},"82":{"start":{"line":186,"column":16},"end":{"line":186,"column":null}},"83":{"start":{"line":186,"column":45},"end":{"line":186,"column":85}},"84":{"start":{"line":187,"column":16},"end":{"line":187,"column":null}},"85":{"start":{"line":188,"column":16},"end":{"line":188,"column":null}},"86":{"start":{"line":188,"column":30},"end":{"line":188,"column":null}}},"fnMap":{"0":{"name":"(anonymous_0)","decl":{"start":{"line":7,"column":19},"end":{"line":7,"column":20}},"loc":{"start":{"line":7,"column":47},"end":{"line":196,"column":null}},"line":7},"1":{"name":"(anonymous_1)","decl":{"start":{"line":17,"column":12},"end":{"line":17,"column":18}},"loc":{"start":{"line":17,"column":18},"end":{"line":43,"column":5}},"line":17},"2":{"name":"(anonymous_2)","decl":{"start":{"line":19,"column":18},"end":{"line":19,"column":30}},"loc":{"start":{"line":19,"column":30},"end":{"line":38,"column":null}},"line":19},"3":{"name":"(anonymous_3)","decl":{"start":{"line":22,"column":48},"end":{"line":22,"column":49}},"loc":{"start":{"line":22,"column":55},"end":{"line":22,"column":79}},"line":22},"4":{"name":"(anonymous_4)","decl":{"start":{"line":28,"column":45},"end":{"line":28,"column":46}},"loc":{"start":{"line":28,"column":52},"end":{"line":28,"column":85}},"line":28},"5":{"name":"(anonymous_5)","decl":{"start":{"line":40,"column":11},"end":{"line":40,"column":17}},"loc":{"start":{"line":40,"column":17},"end":{"line":42,"column":null}},"line":40},"6":{"name":"(anonymous_6)","decl":{"start":{"line":45,"column":23},"end":{"line":45,"column":30}},"loc":{"start":{"line":45,"column":44},"end":{"line":61,"column":null}},"line":45},"7":{"name":"(anonymous_7)","decl":{"start":{"line":63,"column":23},"end":{"line":63,"column":30}},"loc":{"start":{"line":63,"column":44},"end":{"line":75,"column":null}},"line":63},"8":{"name":"(anonymous_8)","decl":{"start":{"line":77,"column":25},"end":{"line":77,"column":32}},"loc":{"start":{"line":77,"column":46},"end":{"line":89,"column":null}},"line":77},"9":{"name":"(anonymous_9)","decl":{"start":{"line":104,"column":22},"end":{"line":104,"column":23}},"loc":{"start":{"line":105,"column":10},"end":{"line":171,"column":null}},"line":105},"10":{"name":"(anonymous_10)","decl":{"start":{"line":115,"column":74},"end":{"line":115,"column":75}},"loc":{"start":{"line":115,"column":81},"end":{"line":115,"column":138}},"line":115},"11":{"name":"(anonymous_11)","decl":{"start":{"line":119,"column":72},"end":{"line":119,"column":73}},"loc":{"start":{"line":119,"column":79},"end":{"line":119,"column":134}},"line":119},"12":{"name":"(anonymous_12)","decl":{"start":{"line":122,"column":35},"end":{"line":122,"column":41}},"loc":{"start":{"line":122,"column":41},"end":{"line":122,"column":68}},"line":122},"13":{"name":"(anonymous_13)","decl":{"start":{"line":123,"column":35},"end":{"line":123,"column":41}},"loc":{"start":{"line":123,"column":41},"end":{"line":123,"column":66}},"line":123},"14":{"name":"(anonymous_14)","decl":{"start":{"line":139,"column":33},"end":{"line":139,"column":39}},"loc":{"start":{"line":139,"column":39},"end":{"line":142,"column":null}},"line":139},"15":{"name":"(anonymous_15)","decl":{"start":{"line":147,"column":39},"end":{"line":147,"column":45}},"loc":{"start":{"line":147,"column":45},"end":{"line":147,"column":72}},"line":147},"16":{"name":"(anonymous_16)","decl":{"start":{"line":152,"column":37},"end":{"line":152,"column":43}},"loc":{"start":{"line":152,"column":43},"end":{"line":152,"column":72}},"line":152},"17":{"name":"(anonymous_17)","decl":{"start":{"line":162,"column":41},"end":{"line":162,"column":47}},"loc":{"start":{"line":162,"column":47},"end":{"line":162,"column":121}},"line":162},"18":{"name":"(anonymous_18)","decl":{"start":{"line":176,"column":55},"end":{"line":176,"column":61}},"loc":{"start":{"line":176,"column":61},"end":{"line":176,"column":null}},"line":176},"19":{"name":"(anonymous_19)","decl":{"start":{"line":177,"column":49},"end":{"line":177,"column":50}},"loc":{"start":{"line":177,"column":56},"end":{"line":177,"column":null}},"line":177},"20":{"name":"(anonymous_20)","decl":{"start":{"line":180,"column":53},"end":{"line":180,"column":59}},"loc":{"start":{"line":180,"column":59},"end":{"line":180,"column":86}},"line":180},"21":{"name":"(anonymous_21)","decl":{"start":{"line":184,"column":27},"end":{"line":184,"column":33}},"loc":{"start":{"line":184,"column":33},"end":{"line":189,"column":null}},"line":184},"22":{"name":"(anonymous_22)","decl":{"start":{"line":186,"column":34},"end":{"line":186,"column":35}},"loc":{"start":{"line":186,"column":45},"end":{"line":186,"column":85}},"line":186}},"branchMap":{"0":{"loc":{"start":{"line":20,"column":6},"end":{"line":20,"column":null}},"type":"if","locations":[{"start":{"line":20,"column":6},"end":{"line":20,"column":null}},{"start":{},"end":{}}],"line":20},"1":{"loc":{"start":{"line":27,"column":26},"end":{"line":27,"column":null}},"type":"binary-expr","locations":[{"start":{"line":27,"column":26},"end":{"line":27,"column":44}},{"start":{"line":27,"column":44},"end":{"line":27,"column":null}}],"line":27},"2":{"loc":{"start":{"line":28,"column":52},"end":{"line":28,"column":85}},"type":"binary-expr","locations":[{"start":{"line":28,"column":52},"end":{"line":28,"column":62}},{"start":{"line":28,"column":62},"end":{"line":28,"column":85}}],"line":28},"3":{"loc":{"start":{"line":34,"column":6},"end":{"line":37,"column":null}},"type":"if","locations":[{"start":{"line":34,"column":6},"end":{"line":37,"column":null}},{"start":{},"end":{}}],"line":34},"4":{"loc":{"start":{"line":46,"column":4},"end":{"line":49,"column":null}},"type":"if","locations":[{"start":{"line":46,"column":4},"end":{"line":49,"column":null}},{"start":{},"end":{}}],"line":46},"5":{"loc":{"start":{"line":46,"column":8},"end":{"line":46,"column":50}},"type":"binary-expr","locations":[{"start":{"line":46,"column":8},"end":{"line":46,"column":31}},{"start":{"line":46,"column":31},"end":{"line":46,"column":50}}],"line":46},"6":{"loc":{"start":{"line":57,"column":12},"end":{"line":57,"column":69}},"type":"binary-expr","locations":[{"start":{"line":57,"column":12},"end":{"line":57,"column":43}},{"start":{"line":57,"column":43},"end":{"line":57,"column":69}}],"line":57},"7":{"loc":{"start":{"line":64,"column":4},"end":{"line":64,"column":null}},"type":"if","locations":[{"start":{"line":64,"column":4},"end":{"line":64,"column":null}},{"start":{},"end":{}}],"line":64},"8":{"loc":{"start":{"line":71,"column":12},"end":{"line":71,"column":69}},"type":"binary-expr","locations":[{"start":{"line":71,"column":12},"end":{"line":71,"column":43}},{"start":{"line":71,"column":43},"end":{"line":71,"column":69}}],"line":71},"9":{"loc":{"start":{"line":78,"column":4},"end":{"line":78,"column":null}},"type":"if","locations":[{"start":{"line":78,"column":4},"end":{"line":78,"column":null}},{"start":{},"end":{}}],"line":78},"10":{"loc":{"start":{"line":85,"column":12},"end":{"line":85,"column":71}},"type":"binary-expr","locations":[{"start":{"line":85,"column":12},"end":{"line":85,"column":43}},{"start":{"line":85,"column":43},"end":{"line":85,"column":71}}],"line":85},"11":{"loc":{"start":{"line":91,"column":2},"end":{"line":98,"column":null}},"type":"if","locations":[{"start":{"line":91,"column":2},"end":{"line":98,"column":null}},{"start":{},"end":{}}],"line":91},"12":{"loc":{"start":{"line":111,"column":13},"end":{"line":169,"column":null}},"type":"cond-expr","locations":[{"start":{"line":112,"column":14},"end":{"line":125,"column":null}},{"start":{"line":127,"column":14},"end":{"line":169,"column":null}}],"line":111},"13":{"loc":{"start":{"line":136,"column":19},"end":{"line":148,"column":null}},"type":"binary-expr","locations":[{"start":{"line":136,"column":19},"end":{"line":136,"column":null}},{"start":{"line":137,"column":20},"end":{"line":148,"column":null}}],"line":136},"14":{"loc":{"start":{"line":148,"column":20},"end":{"line":154,"column":null}},"type":"binary-expr","locations":[{"start":{"line":151,"column":20},"end":{"line":151,"column":54}},{"start":{"line":151,"column":54},"end":{"line":151,"column":null}},{"start":{"line":152,"column":20},"end":{"line":154,"column":null}}],"line":148},"15":{"loc":{"start":{"line":157,"column":19},"end":{"line":166,"column":null}},"type":"binary-expr","locations":[{"start":{"line":157,"column":19},"end":{"line":157,"column":null}},{"start":{"line":158,"column":20},"end":{"line":166,"column":null}}],"line":157},"16":{"loc":{"start":{"line":159,"column":23},"end":{"line":164,"column":null}},"type":"cond-expr","locations":[{"start":{"line":160,"column":24},"end":{"line":160,"column":null}},{"start":{"line":161,"column":26},"end":{"line":164,"column":null}}],"line":159},"17":{"loc":{"start":{"line":161,"column":26},"end":{"line":164,"column":null}},"type":"cond-expr","locations":[{"start":{"line":162,"column":24},"end":{"line":162,"column":null}},{"start":{"line":164,"column":24},"end":{"line":164,"column":null}}],"line":161},"18":{"loc":{"start":{"line":175,"column":7},"end":{"line":192,"column":null}},"type":"binary-expr","locations":[{"start":{"line":175,"column":7},"end":{"line":175,"column":null}},{"start":{"line":176,"column":8},"end":{"line":192,"column":null}}],"line":175},"19":{"loc":{"start":{"line":188,"column":16},"end":{"line":188,"column":null}},"type":"if","locations":[{"start":{"line":188,"column":16},"end":{"line":188,"column":null}},{"start":{},"end":{}}],"line":188}},"s":{"0":1,"1":6,"2":6,"3":6,"4":6,"5":6,"6":6,"7":6,"8":6,"9":6,"10":2,"11":2,"12":2,"13":0,"14":2,"15":2,"16":2,"17":2,"18":2,"19":0,"20":0,"21":0,"22":0,"23":0,"24":0,"25":0,"26":2,"27":2,"28":2,"29":2,"30":2,"31":2,"32":6,"33":0,"34":0,"35":0,"36":0,"37":0,"38":0,"39":0,"40":0,"41":0,"42":0,"43":0,"44":6,"45":0,"46":0,"47":0,"48":0,"49":0,"50":0,"51":0,"52":0,"53":0,"54":6,"55":1,"56":0,"57":1,"58":1,"59":1,"60":1,"61":1,"62":0,"63":1,"64":6,"65":0,"66":6,"67":6,"68":0,"69":0,"70":0,"71":0,"72":0,"73":0,"74":0,"75":1,"76":0,"77":0,"78":0,"79":0,"80":0,"81":0,"82":0,"83":0,"84":0,"85":0,"86":0},"f":{"0":6,"1":2,"2":2,"3":2,"4":0,"5":2,"6":0,"7":0,"8":1,"9":6,"10":0,"11":0,"12":0,"13":0,"14":0,"15":0,"16":1,"17":0,"18":0,"19":0,"20":0,"21":0,"22":0},"b":{"0":[0,2],"1":[0,0],"2":[0,0],"3":[2,0],"4":[0,0],"5":[0,0],"6":[0,0],"7":[0,0],"8":[0,0],"9":[0,1],"10":[0,0],"11":[0,6],"12":[0,6],"13":[6,2],"14":[6,2,4],"15":[6,0],"16":[0,0],"17":[0,0],"18":[6,0],"19":[0,0]},"meta":{"lastBranch":20,"lastFunction":23,"lastStatement":87,"seen":{"s:7:19:196:Infinity":0,"f:7:19:7:20":0,"s:8:15:8:Infinity":1,"s:9:42:9:Infinity":2,"s:10:30:10:Infinity":3,"s:11:28:11:Infinity":4,"s:12:42:12:Infinity":5,"s:13:44:13:Infinity":6,"s:14:44:14:Infinity":7,"s:15:48:15:Infinity":8,"s:17:2:43:Infinity":9,"f:17:12:17:18":1,"s:18:18:18:Infinity":10,"s:19:18:38:Infinity":11,"f:19:18:19:30":2,"b:20:6:20:Infinity:undefined:undefined:undefined:undefined":0,"s:20:6:20:Infinity":12,"s:20:17:20:Infinity":13,"s:21:6:21:Infinity":14,"s:22:32:22:Infinity":15,"f:22:48:22:49":3,"s:22:55:22:79":16,"s:23:18:23:Infinity":17,"s:24:6:33:Infinity":18,"s:25:8:32:Infinity":19,"s:26:23:26:Infinity":20,"s:27:26:27:Infinity":21,"b:27:26:27:44:27:44:27:Infinity":1,"s:28:10:28:Infinity":22,"f:28:45:28:46":4,"s:28:52:28:85":23,"b:28:52:28:62:28:62:28:85":2,"s:30:10:30:Infinity":24,"s:31:10:31:Infinity":25,"b:34:6:37:Infinity:undefined:undefined:undefined:undefined":3,"s:34:6:37:Infinity":26,"s:35:8:35:Infinity":27,"s:36:8:36:Infinity":28,"s:39:4:39:Infinity":29,"s:40:4:42:Infinity":30,"f:40:11:40:17":5,"s:41:6:41:Infinity":31,"s:45:23:61:Infinity":32,"f:45:23:45:30":6,"b:46:4:49:Infinity:undefined:undefined:undefined:undefined":4,"s:46:4:49:Infinity":33,"b:46:8:46:31:46:31:46:50":5,"s:47:6:47:Infinity":34,"s:48:6:48:Infinity":35,"s:50:4:50:Infinity":36,"s:51:4:60:Infinity":37,"s:52:6:52:Infinity":38,"s:53:6:53:Infinity":39,"s:54:6:54:Infinity":40,"s:55:6:55:Infinity":41,"s:57:6:57:Infinity":42,"b:57:12:57:43:57:43:57:69":6,"s:59:6:59:Infinity":43,"s:63:23:75:Infinity":44,"f:63:23:63:30":7,"b:64:4:64:Infinity:undefined:undefined:undefined:undefined":7,"s:64:4:64:Infinity":45,"s:64:74:64:Infinity":46,"s:65:4:65:Infinity":47,"s:66:4:74:Infinity":48,"s:67:6:67:Infinity":49,"s:68:6:68:Infinity":50,"s:69:6:69:Infinity":51,"s:71:6:71:Infinity":52,"b:71:12:71:43:71:43:71:69":8,"s:73:6:73:Infinity":53,"s:77:25:89:Infinity":54,"f:77:25:77:32":8,"b:78:4:78:Infinity:undefined:undefined:undefined:undefined":9,"s:78:4:78:Infinity":55,"s:78:60:78:Infinity":56,"s:79:4:79:Infinity":57,"s:80:4:88:Infinity":58,"s:81:6:81:Infinity":59,"s:82:6:82:Infinity":60,"s:83:6:83:Infinity":61,"s:85:6:85:Infinity":62,"b:85:12:85:43:85:43:85:71":10,"s:87:6:87:Infinity":63,"b:91:2:98:Infinity:undefined:undefined:undefined:undefined":11,"s:91:2:98:Infinity":64,"s:92:4:96:Infinity":65,"s:100:2:194:Infinity":66,"f:104:22:104:23":9,"s:105:10:171:Infinity":67,"b:112:14:125:Infinity:127:14:169:Infinity":12,"f:115:74:115:75":10,"s:115:81:115:138":68,"f:119:72:119:73":11,"s:119:79:119:134":69,"f:122:35:122:41":12,"s:122:41:122:68":70,"f:123:35:123:41":13,"s:123:41:123:66":71,"b:136:19:136:Infinity:137:20:148:Infinity":13,"f:139:33:139:39":14,"s:140:26:140:Infinity":72,"s:141:26:141:Infinity":73,"f:147:39:147:45":15,"s:147:45:147:72":74,"b:151:20:151:54:151:54:151:Infinity:152:20:154:Infinity":14,"f:152:37:152:43":16,"s:152:43:152:72":75,"b:157:19:157:Infinity:158:20:166:Infinity":15,"b:160:24:160:Infinity:161:26:164:Infinity":16,"b:162:24:162:Infinity:164:24:164:Infinity":17,"f:162:41:162:47":17,"s:162:49:162:92":76,"s:162:92:162:118":77,"b:175:7:175:Infinity:176:8:192:Infinity":18,"f:176:55:176:61":18,"s:176:61:176:Infinity":78,"f:177:49:177:50":19,"s:177:56:177:Infinity":79,"f:180:53:180:59":20,"s:180:59:180:86":80,"f:184:27:184:33":21,"s:185:16:185:Infinity":81,"s:186:16:186:Infinity":82,"f:186:34:186:35":22,"s:186:45:186:85":83,"s:187:16:187:Infinity":84,"b:188:16:188:Infinity:undefined:undefined:undefined:undefined":19,"s:188:16:188:Infinity":85,"s:188:30:188:Infinity":86}}}
}
