{"C:\\Users\\HP\\E_rent\\backend\\controllers\\authController.js": {"path":"C:\\Users\\HP\\E_rent\\backend\\controllers\\authController.js","statementMap":{"0":{"start":{"line":1,"column":13},"end":{"line":1,"column":38}},"1":{"start":{"line":2,"column":26},"end":{"line":2,"column":50}},"2":{"start":{"line":7,"column":17},"end":{"line":54,"column":1}},"3":{"start":{"line":8,"column":2},"end":{"line":53,"column":3}},"4":{"start":{"line":9,"column":60},"end":{"line":9,"column":68}},"5":{"start":{"line":12,"column":23},"end":{"line":12,"column":52}},"6":{"start":{"line":14,"column":4},"end":{"line":19,"column":5}},"7":{"start":{"line":15,"column":6},"end":{"line":18,"column":9}},"8":{"start":{"line":22,"column":17},"end":{"line":29,"column":6}},"9":{"start":{"line":31,"column":4},"end":{"line":47,"column":5}},"10":{"start":{"line":32,"column":6},"end":{"line":41,"column":9}},"11":{"start":{"line":43,"column":6},"end":{"line":46,"column":9}},"12":{"start":{"line":49,"column":4},"end":{"line":52,"column":7}},"13":{"start":{"line":59,"column":14},"end":{"line":99,"column":1}},"14":{"start":{"line":60,"column":2},"end":{"line":98,"column":3}},"15":{"start":{"line":61,"column":32},"end":{"line":61,"column":40}},"16":{"start":{"line":64,"column":17},"end":{"line":64,"column":66}},"17":{"start":{"line":66,"column":4},"end":{"line":71,"column":5}},"18":{"start":{"line":67,"column":6},"end":{"line":70,"column":9}},"19":{"start":{"line":74,"column":20},"end":{"line":74,"column":56}},"20":{"start":{"line":76,"column":4},"end":{"line":81,"column":5}},"21":{"start":{"line":77,"column":6},"end":{"line":80,"column":9}},"22":{"start":{"line":83,"column":4},"end":{"line":92,"column":7}},"23":{"start":{"line":94,"column":4},"end":{"line":97,"column":7}},"24":{"start":{"line":104,"column":14},"end":{"line":118,"column":1}},"25":{"start":{"line":105,"column":2},"end":{"line":117,"column":3}},"26":{"start":{"line":106,"column":17},"end":{"line":106,"column":49}},"27":{"start":{"line":108,"column":4},"end":{"line":111,"column":7}},"28":{"start":{"line":113,"column":4},"end":{"line":116,"column":7}},"29":{"start":{"line":120,"column":0},"end":{"line":124,"column":2}}},"fnMap":{"0":{"name":"(anonymous_0)","decl":{"start":{"line":7,"column":17},"end":{"line":7,"column":18}},"loc":{"start":{"line":7,"column":37},"end":{"line":54,"column":1}},"line":7},"1":{"name":"(anonymous_1)","decl":{"start":{"line":59,"column":14},"end":{"line":59,"column":15}},"loc":{"start":{"line":59,"column":34},"end":{"line":99,"column":1}},"line":59},"2":{"name":"(anonymous_2)","decl":{"start":{"line":104,"column":14},"end":{"line":104,"column":15}},"loc":{"start":{"line":104,"column":34},"end":{"line":118,"column":1}},"line":104}},"branchMap":{"0":{"loc":{"start":{"line":14,"column":4},"end":{"line":19,"column":5}},"type":"if","locations":[{"start":{"line":14,"column":4},"end":{"line":19,"column":5}},{"start":{},"end":{}}],"line":14},"1":{"loc":{"start":{"line":26,"column":12},"end":{"line":26,"column":26}},"type":"binary-expr","locations":[{"start":{"line":26,"column":12},"end":{"line":26,"column":16}},{"start":{"line":26,"column":20},"end":{"line":26,"column":26}}],"line":26},"2":{"loc":{"start":{"line":31,"column":4},"end":{"line":47,"column":5}},"type":"if","locations":[{"start":{"line":31,"column":4},"end":{"line":47,"column":5}},{"start":{"line":42,"column":11},"end":{"line":47,"column":5}}],"line":31},"3":{"loc":{"start":{"line":66,"column":4},"end":{"line":71,"column":5}},"type":"if","locations":[{"start":{"line":66,"column":4},"end":{"line":71,"column":5}},{"start":{},"end":{}}],"line":66},"4":{"loc":{"start":{"line":76,"column":4},"end":{"line":81,"column":5}},"type":"if","locations":[{"start":{"line":76,"column":4},"end":{"line":81,"column":5}},{"start":{},"end":{}}],"line":76}},"s":{"0":1,"1":1,"2":1,"3":0,"4":0,"5":0,"6":0,"7":0,"8":0,"9":0,"10":0,"11":0,"12":0,"13":1,"14":0,"15":0,"16":0,"17":0,"18":0,"19":0,"20":0,"21":0,"22":0,"23":0,"24":1,"25":0,"26":0,"27":0,"28":0,"29":1},"f":{"0":0,"1":0,"2":0},"b":{"0":[0,0],"1":[0,0],"2":[0,0],"3":[0,0],"4":[0,0]},"_coverageSchema":"1a1c01bbd47fc00a2c39e90264f33305004495a9","hash":"31960e62cf57f1ea3cb50aae2ff300004883ed6c"}
,"C:\\Users\\HP\\E_rent\\backend\\controllers\\bookingController.js": {"path":"C:\\Users\\HP\\E_rent\\backend\\controllers\\bookingController.js","statementMap":{"0":{"start":{"line":1,"column":16},"end":{"line":1,"column":44}},"1":{"start":{"line":2,"column":16},"end":{"line":2,"column":44}},"2":{"start":{"line":3,"column":13},"end":{"line":3,"column":38}},"3":{"start":{"line":4,"column":15},"end":{"line":4,"column":32}},"4":{"start":{"line":5,"column":17},"end":{"line":5,"column":45}},"5":{"start":{"line":6,"column":36},"end":{"line":6,"column":78}},"6":{"start":{"line":8,"column":25},"end":{"line":21,"column":1}},"7":{"start":{"line":9,"column":16},"end":{"line":14,"column":3}},"8":{"start":{"line":16,"column":2},"end":{"line":18,"column":3}},"9":{"start":{"line":17,"column":4},"end":{"line":17,"column":42}},"10":{"start":{"line":20,"column":2},"end":{"line":20,"column":32}},"11":{"start":{"line":26,"column":22},"end":{"line":89,"column":1}},"12":{"start":{"line":27,"column":2},"end":{"line":88,"column":3}},"13":{"start":{"line":28,"column":56},"end":{"line":28,"column":64}},"14":{"start":{"line":29,"column":20},"end":{"line":29,"column":53}},"15":{"start":{"line":31,"column":4},"end":{"line":33,"column":5}},"16":{"start":{"line":32,"column":6},"end":{"line":32,"column":82}},"17":{"start":{"line":35,"column":4},"end":{"line":37,"column":5}},"18":{"start":{"line":36,"column":6},"end":{"line":36,"column":89}},"19":{"start":{"line":39,"column":18},"end":{"line":39,"column":37}},"20":{"start":{"line":40,"column":16},"end":{"line":40,"column":33}},"21":{"start":{"line":41,"column":17},"end":{"line":41,"column":65}},"22":{"start":{"line":43,"column":4},"end":{"line":45,"column":5}},"23":{"start":{"line":44,"column":6},"end":{"line":44,"column":98}},"24":{"start":{"line":47,"column":21},"end":{"line":47,"column":78}},"25":{"start":{"line":48,"column":4},"end":{"line":53,"column":5}},"26":{"start":{"line":49,"column":6},"end":{"line":52,"column":9}},"27":{"start":{"line":55,"column":23},"end":{"line":55,"column":49}},"28":{"start":{"line":57,"column":20},"end":{"line":65,"column":6}},"29":{"start":{"line":67,"column":18},"end":{"line":75,"column":6}},"30":{"start":{"line":77,"column":4},"end":{"line":77,"column":33}},"31":{"start":{"line":78,"column":4},"end":{"line":78,"column":25}},"32":{"start":{"line":79,"column":4},"end":{"line":79,"column":64}},"33":{"start":{"line":81,"column":4},"end":{"line":85,"column":7}},"34":{"start":{"line":87,"column":4},"end":{"line":87,"column":67}},"35":{"start":{"line":94,"column":23},"end":{"line":135,"column":1}},"36":{"start":{"line":95,"column":2},"end":{"line":134,"column":3}},"37":{"start":{"line":96,"column":86},"end":{"line":96,"column":94}},"38":{"start":{"line":98,"column":4},"end":{"line":100,"column":5}},"39":{"start":{"line":99,"column":6},"end":{"line":99,"column":88}},"40":{"start":{"line":102,"column":31},"end":{"line":105,"column":20}},"41":{"start":{"line":107,"column":4},"end":{"line":109,"column":5}},"42":{"start":{"line":108,"column":6},"end":{"line":108,"column":90}},"43":{"start":{"line":111,"column":20},"end":{"line":113,"column":63}},"44":{"start":{"line":115,"column":4},"end":{"line":117,"column":5}},"45":{"start":{"line":116,"column":6},"end":{"line":116,"column":82}},"46":{"start":{"line":119,"column":4},"end":{"line":121,"column":5}},"47":{"start":{"line":120,"column":6},"end":{"line":120,"column":103}},"48":{"start":{"line":123,"column":4},"end":{"line":123,"column":33}},"49":{"start":{"line":124,"column":4},"end":{"line":124,"column":40}},"50":{"start":{"line":125,"column":4},"end":{"line":125,"column":25}},"51":{"start":{"line":127,"column":17},"end":{"line":127,"column":77}},"52":{"start":{"line":128,"column":4},"end":{"line":128,"column":62}},"53":{"start":{"line":130,"column":4},"end":{"line":130,"column":47}},"54":{"start":{"line":132,"column":4},"end":{"line":132,"column":51}},"55":{"start":{"line":133,"column":4},"end":{"line":133,"column":67}},"56":{"start":{"line":140,"column":22},"end":{"line":147,"column":1}},"57":{"start":{"line":141,"column":2},"end":{"line":146,"column":3}},"58":{"start":{"line":142,"column":21},"end":{"line":142,"column":106}},"59":{"start":{"line":143,"column":4},"end":{"line":143,"column":48}},"60":{"start":{"line":145,"column":4},"end":{"line":145,"column":67}},"61":{"start":{"line":152,"column":19},"end":{"line":168,"column":1}},"62":{"start":{"line":153,"column":2},"end":{"line":167,"column":3}},"63":{"start":{"line":154,"column":20},"end":{"line":154,"column":114}},"64":{"start":{"line":156,"column":4},"end":{"line":158,"column":5}},"65":{"start":{"line":157,"column":6},"end":{"line":157,"column":82}},"66":{"start":{"line":160,"column":4},"end":{"line":162,"column":5}},"67":{"start":{"line":161,"column":6},"end":{"line":161,"column":100}},"68":{"start":{"line":164,"column":4},"end":{"line":164,"column":47}},"69":{"start":{"line":166,"column":4},"end":{"line":166,"column":67}},"70":{"start":{"line":173,"column":22},"end":{"line":225,"column":1}},"71":{"start":{"line":174,"column":2},"end":{"line":224,"column":3}},"72":{"start":{"line":175,"column":18},"end":{"line":175,"column":55}},"73":{"start":{"line":177,"column":4},"end":{"line":179,"column":5}},"74":{"start":{"line":178,"column":6},"end":{"line":178,"column":82}},"75":{"start":{"line":181,"column":4},"end":{"line":183,"column":5}},"76":{"start":{"line":182,"column":6},"end":{"line":182,"column":102}},"77":{"start":{"line":185,"column":4},"end":{"line":187,"column":5}},"78":{"start":{"line":186,"column":6},"end":{"line":186,"column":104}},"79":{"start":{"line":189,"column":22},"end":{"line":189,"column":61}},"80":{"start":{"line":190,"column":20},"end":{"line":190,"column":55}},"81":{"start":{"line":192,"column":4},"end":{"line":194,"column":5}},"82":{"start":{"line":193,"column":6},"end":{"line":193,"column":98}},"83":{"start":{"line":196,"column":21},"end":{"line":201,"column":6}},"84":{"start":{"line":203,"column":4},"end":{"line":208,"column":5}},"85":{"start":{"line":204,"column":6},"end":{"line":207,"column":9}},"86":{"start":{"line":210,"column":20},"end":{"line":210,"column":59}},"87":{"start":{"line":211,"column":17},"end":{"line":211,"column":93}},"88":{"start":{"line":212,"column":23},"end":{"line":212,"column":49}},"89":{"start":{"line":214,"column":4},"end":{"line":218,"column":6}},"90":{"start":{"line":220,"column":4},"end":{"line":220,"column":64}},"91":{"start":{"line":221,"column":4},"end":{"line":221,"column":47}},"92":{"start":{"line":223,"column":4},"end":{"line":223,"column":67}},"93":{"start":{"line":230,"column":24},"end":{"line":261,"column":1}},"94":{"start":{"line":231,"column":2},"end":{"line":260,"column":3}},"95":{"start":{"line":232,"column":20},"end":{"line":232,"column":57}},"96":{"start":{"line":234,"column":4},"end":{"line":236,"column":5}},"97":{"start":{"line":235,"column":6},"end":{"line":235,"column":82}},"98":{"start":{"line":238,"column":4},"end":{"line":240,"column":5}},"99":{"start":{"line":239,"column":6},"end":{"line":239,"column":104}},"100":{"start":{"line":242,"column":4},"end":{"line":244,"column":5}},"101":{"start":{"line":243,"column":6},"end":{"line":243,"column":93}},"102":{"start":{"line":246,"column":4},"end":{"line":248,"column":5}},"103":{"start":{"line":247,"column":6},"end":{"line":247,"column":102}},"104":{"start":{"line":250,"column":4},"end":{"line":250,"column":33}},"105":{"start":{"line":251,"column":4},"end":{"line":251,"column":25}},"106":{"start":{"line":253,"column":4},"end":{"line":257,"column":7}},"107":{"start":{"line":259,"column":4},"end":{"line":259,"column":67}},"108":{"start":{"line":266,"column":22},"end":{"line":290,"column":1}},"109":{"start":{"line":267,"column":2},"end":{"line":289,"column":3}},"110":{"start":{"line":268,"column":20},"end":{"line":268,"column":57}},"111":{"start":{"line":270,"column":4},"end":{"line":272,"column":5}},"112":{"start":{"line":271,"column":6},"end":{"line":271,"column":82}},"113":{"start":{"line":274,"column":4},"end":{"line":276,"column":5}},"114":{"start":{"line":275,"column":6},"end":{"line":275,"column":102}},"115":{"start":{"line":278,"column":4},"end":{"line":278,"column":33}},"116":{"start":{"line":279,"column":4},"end":{"line":279,"column":25}},"117":{"start":{"line":280,"column":4},"end":{"line":280,"column":66}},"118":{"start":{"line":282,"column":4},"end":{"line":286,"column":7}},"119":{"start":{"line":288,"column":4},"end":{"line":288,"column":67}},"120":{"start":{"line":295,"column":23},"end":{"line":316,"column":1}},"121":{"start":{"line":296,"column":2},"end":{"line":315,"column":3}},"122":{"start":{"line":297,"column":31},"end":{"line":297,"column":39}},"123":{"start":{"line":299,"column":4},"end":{"line":309,"column":5}},"124":{"start":{"line":300,"column":24},"end":{"line":300,"column":62}},"125":{"start":{"line":301,"column":22},"end":{"line":301,"column":55}},"126":{"start":{"line":303,"column":6},"end":{"line":308,"column":7}},"127":{"start":{"line":304,"column":8},"end":{"line":304,"column":37}},"128":{"start":{"line":305,"column":8},"end":{"line":305,"column":44}},"129":{"start":{"line":306,"column":8},"end":{"line":306,"column":29}},"130":{"start":{"line":307,"column":8},"end":{"line":307,"column":66}},"131":{"start":{"line":311,"column":4},"end":{"line":311,"column":31}},"132":{"start":{"line":313,"column":4},"end":{"line":313,"column":43}},"133":{"start":{"line":314,"column":4},"end":{"line":314,"column":67}},"134":{"start":{"line":318,"column":0},"end":{"line":327,"column":2}}},"fnMap":{"0":{"name":"(anonymous_0)","decl":{"start":{"line":8,"column":25},"end":{"line":8,"column":26}},"loc":{"start":{"line":8,"column":95},"end":{"line":21,"column":1}},"line":8},"1":{"name":"(anonymous_1)","decl":{"start":{"line":26,"column":22},"end":{"line":26,"column":23}},"loc":{"start":{"line":26,"column":42},"end":{"line":89,"column":1}},"line":26},"2":{"name":"(anonymous_2)","decl":{"start":{"line":94,"column":23},"end":{"line":94,"column":24}},"loc":{"start":{"line":94,"column":43},"end":{"line":135,"column":1}},"line":94},"3":{"name":"(anonymous_3)","decl":{"start":{"line":140,"column":22},"end":{"line":140,"column":23}},"loc":{"start":{"line":140,"column":42},"end":{"line":147,"column":1}},"line":140},"4":{"name":"(anonymous_4)","decl":{"start":{"line":152,"column":19},"end":{"line":152,"column":20}},"loc":{"start":{"line":152,"column":39},"end":{"line":168,"column":1}},"line":152},"5":{"name":"(anonymous_5)","decl":{"start":{"line":173,"column":22},"end":{"line":173,"column":23}},"loc":{"start":{"line":173,"column":42},"end":{"line":225,"column":1}},"line":173},"6":{"name":"(anonymous_6)","decl":{"start":{"line":230,"column":24},"end":{"line":230,"column":25}},"loc":{"start":{"line":230,"column":44},"end":{"line":261,"column":1}},"line":230},"7":{"name":"(anonymous_7)","decl":{"start":{"line":266,"column":22},"end":{"line":266,"column":23}},"loc":{"start":{"line":266,"column":42},"end":{"line":290,"column":1}},"line":266},"8":{"name":"(anonymous_8)","decl":{"start":{"line":295,"column":23},"end":{"line":295,"column":24}},"loc":{"start":{"line":295,"column":43},"end":{"line":316,"column":1}},"line":295}},"branchMap":{"0":{"loc":{"start":{"line":8,"column":65},"end":{"line":8,"column":88}},"type":"default-arg","locations":[{"start":{"line":8,"column":84},"end":{"line":8,"column":88}}],"line":8},"1":{"loc":{"start":{"line":16,"column":2},"end":{"line":18,"column":3}},"type":"if","locations":[{"start":{"line":16,"column":2},"end":{"line":18,"column":3}},{"start":{},"end":{}}],"line":16},"2":{"loc":{"start":{"line":31,"column":4},"end":{"line":33,"column":5}},"type":"if","locations":[{"start":{"line":31,"column":4},"end":{"line":33,"column":5}},{"start":{},"end":{}}],"line":31},"3":{"loc":{"start":{"line":35,"column":4},"end":{"line":37,"column":5}},"type":"if","locations":[{"start":{"line":35,"column":4},"end":{"line":37,"column":5}},{"start":{},"end":{}}],"line":35},"4":{"loc":{"start":{"line":43,"column":4},"end":{"line":45,"column":5}},"type":"if","locations":[{"start":{"line":43,"column":4},"end":{"line":45,"column":5}},{"start":{},"end":{}}],"line":43},"5":{"loc":{"start":{"line":48,"column":4},"end":{"line":53,"column":5}},"type":"if","locations":[{"start":{"line":48,"column":4},"end":{"line":53,"column":5}},{"start":{},"end":{}}],"line":48},"6":{"loc":{"start":{"line":98,"column":4},"end":{"line":100,"column":5}},"type":"if","locations":[{"start":{"line":98,"column":4},"end":{"line":100,"column":5}},{"start":{},"end":{}}],"line":98},"7":{"loc":{"start":{"line":98,"column":8},"end":{"line":98,"column":73}},"type":"binary-expr","locations":[{"start":{"line":98,"column":8},"end":{"line":98,"column":28}},{"start":{"line":98,"column":32},"end":{"line":98,"column":50}},{"start":{"line":98,"column":54},"end":{"line":98,"column":73}}],"line":98},"8":{"loc":{"start":{"line":107,"column":4},"end":{"line":109,"column":5}},"type":"if","locations":[{"start":{"line":107,"column":4},"end":{"line":109,"column":5}},{"start":{},"end":{}}],"line":107},"9":{"loc":{"start":{"line":111,"column":20},"end":{"line":113,"column":63}},"type":"cond-expr","locations":[{"start":{"line":112,"column":8},"end":{"line":112,"column":41}},{"start":{"line":113,"column":8},"end":{"line":113,"column":63}}],"line":111},"10":{"loc":{"start":{"line":115,"column":4},"end":{"line":117,"column":5}},"type":"if","locations":[{"start":{"line":115,"column":4},"end":{"line":117,"column":5}},{"start":{},"end":{}}],"line":115},"11":{"loc":{"start":{"line":119,"column":4},"end":{"line":121,"column":5}},"type":"if","locations":[{"start":{"line":119,"column":4},"end":{"line":121,"column":5}},{"start":{},"end":{}}],"line":119},"12":{"loc":{"start":{"line":119,"column":8},"end":{"line":119,"column":76}},"type":"binary-expr","locations":[{"start":{"line":119,"column":8},"end":{"line":119,"column":47}},{"start":{"line":119,"column":51},"end":{"line":119,"column":76}}],"line":119},"13":{"loc":{"start":{"line":156,"column":4},"end":{"line":158,"column":5}},"type":"if","locations":[{"start":{"line":156,"column":4},"end":{"line":158,"column":5}},{"start":{},"end":{}}],"line":156},"14":{"loc":{"start":{"line":160,"column":4},"end":{"line":162,"column":5}},"type":"if","locations":[{"start":{"line":160,"column":4},"end":{"line":162,"column":5}},{"start":{},"end":{}}],"line":160},"15":{"loc":{"start":{"line":160,"column":8},"end":{"line":160,"column":80}},"type":"binary-expr","locations":[{"start":{"line":160,"column":8},"end":{"line":160,"column":51}},{"start":{"line":160,"column":55},"end":{"line":160,"column":80}}],"line":160},"16":{"loc":{"start":{"line":177,"column":4},"end":{"line":179,"column":5}},"type":"if","locations":[{"start":{"line":177,"column":4},"end":{"line":179,"column":5}},{"start":{},"end":{}}],"line":177},"17":{"loc":{"start":{"line":181,"column":4},"end":{"line":183,"column":5}},"type":"if","locations":[{"start":{"line":181,"column":4},"end":{"line":183,"column":5}},{"start":{},"end":{}}],"line":181},"18":{"loc":{"start":{"line":181,"column":8},"end":{"line":181,"column":76}},"type":"binary-expr","locations":[{"start":{"line":181,"column":8},"end":{"line":181,"column":47}},{"start":{"line":181,"column":51},"end":{"line":181,"column":76}}],"line":181},"19":{"loc":{"start":{"line":185,"column":4},"end":{"line":187,"column":5}},"type":"if","locations":[{"start":{"line":185,"column":4},"end":{"line":187,"column":5}},{"start":{},"end":{}}],"line":185},"20":{"loc":{"start":{"line":189,"column":22},"end":{"line":189,"column":61}},"type":"binary-expr","locations":[{"start":{"line":189,"column":22},"end":{"line":189,"column":40}},{"start":{"line":189,"column":44},"end":{"line":189,"column":61}}],"line":189},"21":{"loc":{"start":{"line":190,"column":20},"end":{"line":190,"column":55}},"type":"binary-expr","locations":[{"start":{"line":190,"column":20},"end":{"line":190,"column":36}},{"start":{"line":190,"column":40},"end":{"line":190,"column":55}}],"line":190},"22":{"loc":{"start":{"line":192,"column":4},"end":{"line":194,"column":5}},"type":"if","locations":[{"start":{"line":192,"column":4},"end":{"line":194,"column":5}},{"start":{},"end":{}}],"line":192},"23":{"loc":{"start":{"line":203,"column":4},"end":{"line":208,"column":5}},"type":"if","locations":[{"start":{"line":203,"column":4},"end":{"line":208,"column":5}},{"start":{},"end":{}}],"line":203},"24":{"loc":{"start":{"line":234,"column":4},"end":{"line":236,"column":5}},"type":"if","locations":[{"start":{"line":234,"column":4},"end":{"line":236,"column":5}},{"start":{},"end":{}}],"line":234},"25":{"loc":{"start":{"line":238,"column":4},"end":{"line":240,"column":5}},"type":"if","locations":[{"start":{"line":238,"column":4},"end":{"line":240,"column":5}},{"start":{},"end":{}}],"line":238},"26":{"loc":{"start":{"line":238,"column":8},"end":{"line":238,"column":76}},"type":"binary-expr","locations":[{"start":{"line":238,"column":8},"end":{"line":238,"column":47}},{"start":{"line":238,"column":51},"end":{"line":238,"column":76}}],"line":238},"27":{"loc":{"start":{"line":242,"column":4},"end":{"line":244,"column":5}},"type":"if","locations":[{"start":{"line":242,"column":4},"end":{"line":244,"column":5}},{"start":{},"end":{}}],"line":242},"28":{"loc":{"start":{"line":246,"column":4},"end":{"line":248,"column":5}},"type":"if","locations":[{"start":{"line":246,"column":4},"end":{"line":248,"column":5}},{"start":{},"end":{}}],"line":246},"29":{"loc":{"start":{"line":270,"column":4},"end":{"line":272,"column":5}},"type":"if","locations":[{"start":{"line":270,"column":4},"end":{"line":272,"column":5}},{"start":{},"end":{}}],"line":270},"30":{"loc":{"start":{"line":274,"column":4},"end":{"line":276,"column":5}},"type":"if","locations":[{"start":{"line":274,"column":4},"end":{"line":276,"column":5}},{"start":{},"end":{}}],"line":274},"31":{"loc":{"start":{"line":274,"column":8},"end":{"line":274,"column":76}},"type":"binary-expr","locations":[{"start":{"line":274,"column":8},"end":{"line":274,"column":47}},{"start":{"line":274,"column":51},"end":{"line":274,"column":76}}],"line":274},"32":{"loc":{"start":{"line":299,"column":4},"end":{"line":309,"column":5}},"type":"if","locations":[{"start":{"line":299,"column":4},"end":{"line":309,"column":5}},{"start":{},"end":{}}],"line":299},"33":{"loc":{"start":{"line":303,"column":6},"end":{"line":308,"column":7}},"type":"if","locations":[{"start":{"line":303,"column":6},"end":{"line":308,"column":7}},{"start":{},"end":{}}],"line":303}},"s":{"0":2,"1":2,"2":2,"3":2,"4":2,"5":2,"6":2,"7":3,"8":3,"9":1,"10":3,"11":2,"12":2,"13":2,"14":2,"15":2,"16":0,"17":2,"18":0,"19":2,"20":2,"21":2,"22":2,"23":0,"24":2,"25":2,"26":1,"27":1,"28":1,"29":1,"30":1,"31":1,"32":1,"33":1,"34":0,"35":2,"36":0,"37":0,"38":0,"39":0,"40":0,"41":0,"42":0,"43":0,"44":0,"45":0,"46":0,"47":0,"48":0,"49":0,"50":0,"51":0,"52":0,"53":0,"54":0,"55":0,"56":2,"57":0,"58":0,"59":0,"60":0,"61":2,"62":0,"63":0,"64":0,"65":0,"66":0,"67":0,"68":0,"69":0,"70":2,"71":1,"72":1,"73":1,"74":0,"75":1,"76":0,"77":1,"78":0,"79":1,"80":1,"81":1,"82":0,"83":1,"84":1,"85":1,"86":0,"87":0,"88":0,"89":0,"90":0,"91":0,"92":0,"93":2,"94":1,"95":1,"96":1,"97":0,"98":1,"99":0,"100":1,"101":0,"102":1,"103":0,"104":1,"105":1,"106":1,"107":0,"108":2,"109":0,"110":0,"111":0,"112":0,"113":0,"114":0,"115":0,"116":0,"117":0,"118":0,"119":0,"120":2,"121":0,"122":0,"123":0,"124":0,"125":0,"126":0,"127":0,"128":0,"129":0,"130":0,"131":0,"132":0,"133":0,"134":2},"f":{"0":3,"1":2,"2":0,"3":0,"4":0,"5":1,"6":1,"7":0,"8":0},"b":{"0":[2],"1":[1,2],"2":[0,2],"3":[0,2],"4":[0,2],"5":[1,1],"6":[0,0],"7":[0,0,0],"8":[0,0],"9":[0,0],"10":[0,0],"11":[0,0],"12":[0,0],"13":[0,0],"14":[0,0],"15":[0,0],"16":[0,1],"17":[0,1],"18":[1,0],"19":[0,1],"20":[1,0],"21":[1,0],"22":[0,1],"23":[1,0],"24":[0,1],"25":[0,1],"26":[1,0],"27":[0,1],"28":[0,1],"29":[0,0],"30":[0,0],"31":[0,0],"32":[0,0],"33":[0,0]},"_coverageSchema":"1a1c01bbd47fc00a2c39e90264f33305004495a9","hash":"fbc9bf910efa1afe9f992bcf924128b8cc0dd5f0"}
,"C:\\Users\\HP\\E_rent\\backend\\controllers\\dashboardController.js": {"path":"C:\\Users\\HP\\E_rent\\backend\\controllers\\dashboardController.js","statementMap":{"0":{"start":{"line":1,"column":16},"end":{"line":1,"column":44}},"1":{"start":{"line":2,"column":16},"end":{"line":2,"column":44}},"2":{"start":{"line":7,"column":21},"end":{"line":58,"column":1}},"3":{"start":{"line":8,"column":2},"end":{"line":57,"column":3}},"4":{"start":{"line":10,"column":23},"end":{"line":12,"column":30}},"5":{"start":{"line":15,"column":23},"end":{"line":17,"column":6}},"6":{"start":{"line":20,"column":23},"end":{"line":20,"column":63}},"7":{"start":{"line":20,"column":51},"end":{"line":20,"column":62}},"8":{"start":{"line":21,"column":33},"end":{"line":26,"column":30}},"9":{"start":{"line":29,"column":18},"end":{"line":41,"column":5}},"10":{"start":{"line":32,"column":47},"end":{"line":32,"column":68}},"11":{"start":{"line":33,"column":48},"end":{"line":33,"column":70}},"12":{"start":{"line":34,"column":50},"end":{"line":34,"column":74}},"13":{"start":{"line":36,"column":23},"end":{"line":36,"column":47}},"14":{"start":{"line":37,"column":28},"end":{"line":37,"column":46}},"15":{"start":{"line":39,"column":23},"end":{"line":39,"column":76}},"16":{"start":{"line":40,"column":28},"end":{"line":40,"column":46}},"17":{"start":{"line":43,"column":4},"end":{"line":51,"column":7}},"18":{"start":{"line":53,"column":4},"end":{"line":56,"column":7}},"19":{"start":{"line":60,"column":0},"end":{"line":62,"column":2}}},"fnMap":{"0":{"name":"(anonymous_0)","decl":{"start":{"line":7,"column":21},"end":{"line":7,"column":22}},"loc":{"start":{"line":7,"column":41},"end":{"line":58,"column":1}},"line":7},"1":{"name":"(anonymous_1)","decl":{"start":{"line":20,"column":38},"end":{"line":20,"column":39}},"loc":{"start":{"line":20,"column":51},"end":{"line":20,"column":62}},"line":20},"2":{"name":"(anonymous_2)","decl":{"start":{"line":32,"column":40},"end":{"line":32,"column":41}},"loc":{"start":{"line":32,"column":47},"end":{"line":32,"column":68}},"line":32},"3":{"name":"(anonymous_3)","decl":{"start":{"line":33,"column":41},"end":{"line":33,"column":42}},"loc":{"start":{"line":33,"column":48},"end":{"line":33,"column":70}},"line":33},"4":{"name":"(anonymous_4)","decl":{"start":{"line":34,"column":43},"end":{"line":34,"column":44}},"loc":{"start":{"line":34,"column":50},"end":{"line":34,"column":74}},"line":34},"5":{"name":"(anonymous_5)","decl":{"start":{"line":36,"column":16},"end":{"line":36,"column":17}},"loc":{"start":{"line":36,"column":23},"end":{"line":36,"column":47}},"line":36},"6":{"name":"(anonymous_6)","decl":{"start":{"line":37,"column":16},"end":{"line":37,"column":17}},"loc":{"start":{"line":37,"column":28},"end":{"line":37,"column":46}},"line":37},"7":{"name":"(anonymous_7)","decl":{"start":{"line":39,"column":16},"end":{"line":39,"column":17}},"loc":{"start":{"line":39,"column":23},"end":{"line":39,"column":76}},"line":39},"8":{"name":"(anonymous_8)","decl":{"start":{"line":40,"column":16},"end":{"line":40,"column":17}},"loc":{"start":{"line":40,"column":28},"end":{"line":40,"column":46}},"line":40}},"branchMap":{},"s":{"0":1,"1":1,"2":1,"3":0,"4":0,"5":0,"6":0,"7":0,"8":0,"9":0,"10":0,"11":0,"12":0,"13":0,"14":0,"15":0,"16":0,"17":0,"18":0,"19":1},"f":{"0":0,"1":0,"2":0,"3":0,"4":0,"5":0,"6":0,"7":0,"8":0},"b":{},"_coverageSchema":"1a1c01bbd47fc00a2c39e90264f33305004495a9","hash":"cf4ce0d9236d4d0f1207855ac4c72a58cf26a432"}
,"C:\\Users\\HP\\E_rent\\backend\\controllers\\productController.js": {"path":"C:\\Users\\HP\\E_rent\\backend\\controllers\\productController.js","statementMap":{"0":{"start":{"line":1,"column":16},"end":{"line":1,"column":44}},"1":{"start":{"line":6,"column":20},"end":{"line":41,"column":1}},"2":{"start":{"line":7,"column":2},"end":{"line":40,"column":3}},"3":{"start":{"line":8,"column":81},"end":{"line":8,"column":90}},"4":{"start":{"line":10,"column":16},"end":{"line":10,"column":18}},"5":{"start":{"line":12,"column":4},"end":{"line":12,"column":44}},"6":{"start":{"line":12,"column":18},"end":{"line":12,"column":44}},"7":{"start":{"line":13,"column":4},"end":{"line":13,"column":81}},"8":{"start":{"line":13,"column":36},"end":{"line":13,"column":81}},"9":{"start":{"line":14,"column":4},"end":{"line":18,"column":5}},"10":{"start":{"line":15,"column":6},"end":{"line":15,"column":29}},"11":{"start":{"line":16,"column":6},"end":{"line":16,"column":62}},"12":{"start":{"line":16,"column":20},"end":{"line":16,"column":62}},"13":{"start":{"line":17,"column":6},"end":{"line":17,"column":62}},"14":{"start":{"line":17,"column":20},"end":{"line":17,"column":62}},"15":{"start":{"line":20,"column":21},"end":{"line":24,"column":30}},"16":{"start":{"line":26,"column":18},"end":{"line":26,"column":53}},"17":{"start":{"line":28,"column":4},"end":{"line":34,"column":7}},"18":{"start":{"line":36,"column":4},"end":{"line":39,"column":7}},"19":{"start":{"line":46,"column":23},"end":{"line":87,"column":1}},"20":{"start":{"line":47,"column":2},"end":{"line":86,"column":3}},"21":{"start":{"line":48,"column":41},"end":{"line":48,"column":50}},"22":{"start":{"line":50,"column":16},"end":{"line":50,"column":18}},"23":{"start":{"line":53,"column":4},"end":{"line":59,"column":5}},"24":{"start":{"line":54,"column":6},"end":{"line":58,"column":8}},"25":{"start":{"line":62,"column":4},"end":{"line":72,"column":5}},"26":{"start":{"line":63,"column":6},"end":{"line":71,"column":8}},"27":{"start":{"line":74,"column":21},"end":{"line":74,"column":78}},"28":{"start":{"line":76,"column":4},"end":{"line":80,"column":7}},"29":{"start":{"line":82,"column":4},"end":{"line":85,"column":7}},"30":{"start":{"line":92,"column":19},"end":{"line":116,"column":1}},"31":{"start":{"line":93,"column":2},"end":{"line":115,"column":3}},"32":{"start":{"line":94,"column":20},"end":{"line":97,"column":5}},"33":{"start":{"line":99,"column":4},"end":{"line":104,"column":5}},"34":{"start":{"line":100,"column":6},"end":{"line":103,"column":9}},"35":{"start":{"line":106,"column":4},"end":{"line":109,"column":7}},"36":{"start":{"line":111,"column":4},"end":{"line":114,"column":7}},"37":{"start":{"line":121,"column":22},"end":{"line":154,"column":1}},"38":{"start":{"line":122,"column":2},"end":{"line":153,"column":3}},"39":{"start":{"line":131,"column":8},"end":{"line":131,"column":16}},"40":{"start":{"line":133,"column":20},"end":{"line":142,"column":6}},"41":{"start":{"line":144,"column":4},"end":{"line":147,"column":7}},"42":{"start":{"line":149,"column":4},"end":{"line":152,"column":7}},"43":{"start":{"line":159,"column":22},"end":{"line":193,"column":1}},"44":{"start":{"line":160,"column":2},"end":{"line":192,"column":3}},"45":{"start":{"line":161,"column":18},"end":{"line":161,"column":55}},"46":{"start":{"line":163,"column":4},"end":{"line":168,"column":5}},"47":{"start":{"line":164,"column":6},"end":{"line":167,"column":9}},"48":{"start":{"line":171,"column":4},"end":{"line":176,"column":5}},"49":{"start":{"line":172,"column":6},"end":{"line":175,"column":9}},"50":{"start":{"line":178,"column":4},"end":{"line":181,"column":7}},"51":{"start":{"line":183,"column":4},"end":{"line":186,"column":7}},"52":{"start":{"line":188,"column":4},"end":{"line":191,"column":7}},"53":{"start":{"line":198,"column":22},"end":{"line":230,"column":1}},"54":{"start":{"line":199,"column":2},"end":{"line":229,"column":3}},"55":{"start":{"line":200,"column":20},"end":{"line":200,"column":57}},"56":{"start":{"line":202,"column":4},"end":{"line":207,"column":5}},"57":{"start":{"line":203,"column":6},"end":{"line":206,"column":9}},"58":{"start":{"line":210,"column":4},"end":{"line":215,"column":5}},"59":{"start":{"line":211,"column":6},"end":{"line":214,"column":9}},"60":{"start":{"line":217,"column":4},"end":{"line":217,"column":30}},"61":{"start":{"line":219,"column":4},"end":{"line":223,"column":7}},"62":{"start":{"line":225,"column":4},"end":{"line":228,"column":7}},"63":{"start":{"line":232,"column":0},"end":{"line":239,"column":2}}},"fnMap":{"0":{"name":"(anonymous_0)","decl":{"start":{"line":6,"column":20},"end":{"line":6,"column":21}},"loc":{"start":{"line":6,"column":40},"end":{"line":41,"column":1}},"line":6},"1":{"name":"(anonymous_1)","decl":{"start":{"line":46,"column":23},"end":{"line":46,"column":24}},"loc":{"start":{"line":46,"column":43},"end":{"line":87,"column":1}},"line":46},"2":{"name":"(anonymous_2)","decl":{"start":{"line":92,"column":19},"end":{"line":92,"column":20}},"loc":{"start":{"line":92,"column":39},"end":{"line":116,"column":1}},"line":92},"3":{"name":"(anonymous_3)","decl":{"start":{"line":121,"column":22},"end":{"line":121,"column":23}},"loc":{"start":{"line":121,"column":42},"end":{"line":154,"column":1}},"line":121},"4":{"name":"(anonymous_4)","decl":{"start":{"line":159,"column":22},"end":{"line":159,"column":23}},"loc":{"start":{"line":159,"column":42},"end":{"line":193,"column":1}},"line":159},"5":{"name":"(anonymous_5)","decl":{"start":{"line":198,"column":22},"end":{"line":198,"column":23}},"loc":{"start":{"line":198,"column":42},"end":{"line":230,"column":1}},"line":198}},"branchMap":{"0":{"loc":{"start":{"line":8,"column":56},"end":{"line":8,"column":64}},"type":"default-arg","locations":[{"start":{"line":8,"column":63},"end":{"line":8,"column":64}}],"line":8},"1":{"loc":{"start":{"line":8,"column":66},"end":{"line":8,"column":76}},"type":"default-arg","locations":[{"start":{"line":8,"column":74},"end":{"line":8,"column":76}}],"line":8},"2":{"loc":{"start":{"line":12,"column":4},"end":{"line":12,"column":44}},"type":"if","locations":[{"start":{"line":12,"column":4},"end":{"line":12,"column":44}},{"start":{},"end":{}}],"line":12},"3":{"loc":{"start":{"line":13,"column":4},"end":{"line":13,"column":81}},"type":"if","locations":[{"start":{"line":13,"column":4},"end":{"line":13,"column":81}},{"start":{},"end":{}}],"line":13},"4":{"loc":{"start":{"line":14,"column":4},"end":{"line":18,"column":5}},"type":"if","locations":[{"start":{"line":14,"column":4},"end":{"line":18,"column":5}},{"start":{},"end":{}}],"line":14},"5":{"loc":{"start":{"line":14,"column":8},"end":{"line":14,"column":28}},"type":"binary-expr","locations":[{"start":{"line":14,"column":8},"end":{"line":14,"column":16}},{"start":{"line":14,"column":20},"end":{"line":14,"column":28}}],"line":14},"6":{"loc":{"start":{"line":16,"column":6},"end":{"line":16,"column":62}},"type":"if","locations":[{"start":{"line":16,"column":6},"end":{"line":16,"column":62}},{"start":{},"end":{}}],"line":16},"7":{"loc":{"start":{"line":17,"column":6},"end":{"line":17,"column":62}},"type":"if","locations":[{"start":{"line":17,"column":6},"end":{"line":17,"column":62}},{"start":{},"end":{}}],"line":17},"8":{"loc":{"start":{"line":48,"column":25},"end":{"line":48,"column":36}},"type":"default-arg","locations":[{"start":{"line":48,"column":34},"end":{"line":48,"column":36}}],"line":48},"9":{"loc":{"start":{"line":53,"column":4},"end":{"line":59,"column":5}},"type":"if","locations":[{"start":{"line":53,"column":4},"end":{"line":59,"column":5}},{"start":{},"end":{}}],"line":53},"10":{"loc":{"start":{"line":62,"column":4},"end":{"line":72,"column":5}},"type":"if","locations":[{"start":{"line":62,"column":4},"end":{"line":72,"column":5}},{"start":{},"end":{}}],"line":62},"11":{"loc":{"start":{"line":62,"column":8},"end":{"line":62,"column":18}},"type":"binary-expr","locations":[{"start":{"line":62,"column":8},"end":{"line":62,"column":11}},{"start":{"line":62,"column":15},"end":{"line":62,"column":18}}],"line":62},"12":{"loc":{"start":{"line":99,"column":4},"end":{"line":104,"column":5}},"type":"if","locations":[{"start":{"line":99,"column":4},"end":{"line":104,"column":5}},{"start":{},"end":{}}],"line":99},"13":{"loc":{"start":{"line":163,"column":4},"end":{"line":168,"column":5}},"type":"if","locations":[{"start":{"line":163,"column":4},"end":{"line":168,"column":5}},{"start":{},"end":{}}],"line":163},"14":{"loc":{"start":{"line":171,"column":4},"end":{"line":176,"column":5}},"type":"if","locations":[{"start":{"line":171,"column":4},"end":{"line":176,"column":5}},{"start":{},"end":{}}],"line":171},"15":{"loc":{"start":{"line":171,"column":8},"end":{"line":171,"column":77}},"type":"binary-expr","locations":[{"start":{"line":171,"column":8},"end":{"line":171,"column":48}},{"start":{"line":171,"column":52},"end":{"line":171,"column":77}}],"line":171},"16":{"loc":{"start":{"line":202,"column":4},"end":{"line":207,"column":5}},"type":"if","locations":[{"start":{"line":202,"column":4},"end":{"line":207,"column":5}},{"start":{},"end":{}}],"line":202},"17":{"loc":{"start":{"line":210,"column":4},"end":{"line":215,"column":5}},"type":"if","locations":[{"start":{"line":210,"column":4},"end":{"line":215,"column":5}},{"start":{},"end":{}}],"line":210},"18":{"loc":{"start":{"line":210,"column":8},"end":{"line":210,"column":77}},"type":"binary-expr","locations":[{"start":{"line":210,"column":8},"end":{"line":210,"column":48}},{"start":{"line":210,"column":52},"end":{"line":210,"column":77}}],"line":210}},"s":{"0":1,"1":1,"2":0,"3":0,"4":0,"5":0,"6":0,"7":0,"8":0,"9":0,"10":0,"11":0,"12":0,"13":0,"14":0,"15":0,"16":0,"17":0,"18":0,"19":1,"20":0,"21":0,"22":0,"23":0,"24":0,"25":0,"26":0,"27":0,"28":0,"29":0,"30":1,"31":0,"32":0,"33":0,"34":0,"35":0,"36":0,"37":1,"38":0,"39":0,"40":0,"41":0,"42":0,"43":1,"44":0,"45":0,"46":0,"47":0,"48":0,"49":0,"50":0,"51":0,"52":0,"53":1,"54":0,"55":0,"56":0,"57":0,"58":0,"59":0,"60":0,"61":0,"62":0,"63":1},"f":{"0":0,"1":0,"2":0,"3":0,"4":0,"5":0},"b":{"0":[0],"1":[0],"2":[0,0],"3":[0,0],"4":[0,0],"5":[0,0],"6":[0,0],"7":[0,0],"8":[0],"9":[0,0],"10":[0,0],"11":[0,0],"12":[0,0],"13":[0,0],"14":[0,0],"15":[0,0],"16":[0,0],"17":[0,0],"18":[0,0]},"_coverageSchema":"1a1c01bbd47fc00a2c39e90264f33305004495a9","hash":"4f0ae678483c43c1fdad6b0a4ac5437bebd80a4e"}
,"C:\\Users\\HP\\E_rent\\backend\\controllers\\reviewController.js": {"path":"C:\\Users\\HP\\E_rent\\backend\\controllers\\reviewController.js","statementMap":{"0":{"start":{"line":1,"column":17},"end":{"line":1,"column":36}},"1":{"start":{"line":2,"column":15},"end":{"line":2,"column":42}},"2":{"start":{"line":3,"column":16},"end":{"line":3,"column":44}},"3":{"start":{"line":4,"column":16},"end":{"line":4,"column":44}},"4":{"start":{"line":9,"column":18},"end":{"line":62,"column":1}},"5":{"start":{"line":10,"column":2},"end":{"line":61,"column":3}},"6":{"start":{"line":11,"column":22},"end":{"line":11,"column":35}},"7":{"start":{"line":12,"column":32},"end":{"line":12,"column":40}},"8":{"start":{"line":14,"column":20},"end":{"line":14,"column":53}},"9":{"start":{"line":15,"column":4},"end":{"line":17,"column":5}},"10":{"start":{"line":16,"column":6},"end":{"line":16,"column":82}},"11":{"start":{"line":20,"column":29},"end":{"line":24,"column":6}},"12":{"start":{"line":26,"column":4},"end":{"line":31,"column":5}},"13":{"start":{"line":27,"column":6},"end":{"line":30,"column":9}},"14":{"start":{"line":34,"column":21},"end":{"line":34,"column":84}},"15":{"start":{"line":35,"column":4},"end":{"line":37,"column":5}},"16":{"start":{"line":36,"column":6},"end":{"line":36,"column":103}},"17":{"start":{"line":39,"column":19},"end":{"line":44,"column":6}},"18":{"start":{"line":47,"column":16},"end":{"line":50,"column":6}},"19":{"start":{"line":52,"column":4},"end":{"line":56,"column":5}},"20":{"start":{"line":53,"column":6},"end":{"line":53,"column":60}},"21":{"start":{"line":54,"column":6},"end":{"line":54,"column":42}},"22":{"start":{"line":55,"column":6},"end":{"line":55,"column":27}},"23":{"start":{"line":58,"column":4},"end":{"line":58,"column":58}},"24":{"start":{"line":60,"column":4},"end":{"line":60,"column":67}},"25":{"start":{"line":67,"column":19},"end":{"line":84,"column":1}},"26":{"start":{"line":68,"column":2},"end":{"line":83,"column":3}},"27":{"start":{"line":69,"column":22},"end":{"line":69,"column":35}},"28":{"start":{"line":70,"column":37},"end":{"line":70,"column":46}},"29":{"start":{"line":72,"column":20},"end":{"line":76,"column":47}},"30":{"start":{"line":78,"column":18},"end":{"line":78,"column":69}},"31":{"start":{"line":80,"column":4},"end":{"line":80,"column":107}},"32":{"start":{"line":82,"column":4},"end":{"line":82,"column":67}},"33":{"start":{"line":86,"column":0},"end":{"line":89,"column":2}}},"fnMap":{"0":{"name":"(anonymous_0)","decl":{"start":{"line":9,"column":18},"end":{"line":9,"column":19}},"loc":{"start":{"line":9,"column":38},"end":{"line":62,"column":1}},"line":9},"1":{"name":"(anonymous_1)","decl":{"start":{"line":67,"column":19},"end":{"line":67,"column":20}},"loc":{"start":{"line":67,"column":39},"end":{"line":84,"column":1}},"line":67}},"branchMap":{"0":{"loc":{"start":{"line":15,"column":4},"end":{"line":17,"column":5}},"type":"if","locations":[{"start":{"line":15,"column":4},"end":{"line":17,"column":5}},{"start":{},"end":{}}],"line":15},"1":{"loc":{"start":{"line":26,"column":4},"end":{"line":31,"column":5}},"type":"if","locations":[{"start":{"line":26,"column":4},"end":{"line":31,"column":5}},{"start":{},"end":{}}],"line":26},"2":{"loc":{"start":{"line":35,"column":4},"end":{"line":37,"column":5}},"type":"if","locations":[{"start":{"line":35,"column":4},"end":{"line":37,"column":5}},{"start":{},"end":{}}],"line":35},"3":{"loc":{"start":{"line":52,"column":4},"end":{"line":56,"column":5}},"type":"if","locations":[{"start":{"line":52,"column":4},"end":{"line":56,"column":5}},{"start":{},"end":{}}],"line":52},"4":{"loc":{"start":{"line":70,"column":12},"end":{"line":70,"column":20}},"type":"default-arg","locations":[{"start":{"line":70,"column":19},"end":{"line":70,"column":20}}],"line":70},"5":{"loc":{"start":{"line":70,"column":22},"end":{"line":70,"column":32}},"type":"default-arg","locations":[{"start":{"line":70,"column":30},"end":{"line":70,"column":32}}],"line":70}},"s":{"0":1,"1":1,"2":1,"3":1,"4":1,"5":0,"6":0,"7":0,"8":0,"9":0,"10":0,"11":0,"12":0,"13":0,"14":0,"15":0,"16":0,"17":0,"18":0,"19":0,"20":0,"21":0,"22":0,"23":0,"24":0,"25":1,"26":0,"27":0,"28":0,"29":0,"30":0,"31":0,"32":0,"33":1},"f":{"0":0,"1":0},"b":{"0":[0,0],"1":[0,0],"2":[0,0],"3":[0,0],"4":[0],"5":[0]},"_coverageSchema":"1a1c01bbd47fc00a2c39e90264f33305004495a9","hash":"2aca89f2dd9cbf71637356150944576cb47fa045"}
,"C:\\Users\\HP\\E_rent\\backend\\middleware\\auth.js": {"path":"C:\\Users\\HP\\E_rent\\backend\\middleware\\auth.js","statementMap":{"0":{"start":{"line":1,"column":12},"end":{"line":1,"column":35}},"1":{"start":{"line":2,"column":13},"end":{"line":2,"column":38}},"2":{"start":{"line":4,"column":16},"end":{"line":44,"column":1}},"3":{"start":{"line":7,"column":2},"end":{"line":36,"column":3}},"4":{"start":{"line":11,"column":4},"end":{"line":35,"column":5}},"5":{"start":{"line":13,"column":6},"end":{"line":13,"column":54}},"6":{"start":{"line":16,"column":22},"end":{"line":16,"column":63}},"7":{"start":{"line":19,"column":6},"end":{"line":19,"column":69}},"8":{"start":{"line":21,"column":6},"end":{"line":26,"column":7}},"9":{"start":{"line":22,"column":8},"end":{"line":25,"column":11}},"10":{"start":{"line":28,"column":6},"end":{"line":28,"column":13}},"11":{"start":{"line":30,"column":6},"end":{"line":30,"column":27}},"12":{"start":{"line":31,"column":6},"end":{"line":34,"column":9}},"13":{"start":{"line":38,"column":2},"end":{"line":43,"column":3}},"14":{"start":{"line":39,"column":4},"end":{"line":42,"column":7}},"15":{"start":{"line":46,"column":0},"end":{"line":46,"column":29}}},"fnMap":{"0":{"name":"(anonymous_0)","decl":{"start":{"line":4,"column":16},"end":{"line":4,"column":17}},"loc":{"start":{"line":4,"column":42},"end":{"line":44,"column":1}},"line":4}},"branchMap":{"0":{"loc":{"start":{"line":7,"column":2},"end":{"line":36,"column":3}},"type":"if","locations":[{"start":{"line":7,"column":2},"end":{"line":36,"column":3}},{"start":{},"end":{}}],"line":7},"1":{"loc":{"start":{"line":8,"column":4},"end":{"line":9,"column":50}},"type":"binary-expr","locations":[{"start":{"line":8,"column":4},"end":{"line":8,"column":29}},{"start":{"line":9,"column":4},"end":{"line":9,"column":50}}],"line":8},"2":{"loc":{"start":{"line":21,"column":6},"end":{"line":26,"column":7}},"type":"if","locations":[{"start":{"line":21,"column":6},"end":{"line":26,"column":7}},{"start":{},"end":{}}],"line":21},"3":{"loc":{"start":{"line":38,"column":2},"end":{"line":43,"column":3}},"type":"if","locations":[{"start":{"line":38,"column":2},"end":{"line":43,"column":3}},{"start":{},"end":{}}],"line":38}},"s":{"0":1,"1":1,"2":1,"3":3,"4":1,"5":1,"6":1,"7":0,"8":0,"9":0,"10":0,"11":1,"12":1,"13":2,"14":2,"15":1},"f":{"0":3},"b":{"0":[1,2],"1":[3,1],"2":[0,0],"3":[2,0]},"_coverageSchema":"1a1c01bbd47fc00a2c39e90264f33305004495a9","hash":"c6e5337c2f76f3a3af2585db29d8caea14e95efb"}
,"C:\\Users\\HP\\E_rent\\backend\\middleware\\roleCheck.js": {"path":"C:\\Users\\HP\\E_rent\\backend\\middleware\\roleCheck.js","statementMap":{"0":{"start":{"line":1,"column":18},"end":{"line":19,"column":1}},"1":{"start":{"line":2,"column":2},"end":{"line":18,"column":4}},"2":{"start":{"line":3,"column":4},"end":{"line":8,"column":5}},"3":{"start":{"line":4,"column":6},"end":{"line":7,"column":9}},"4":{"start":{"line":10,"column":4},"end":{"line":15,"column":5}},"5":{"start":{"line":11,"column":6},"end":{"line":14,"column":9}},"6":{"start":{"line":17,"column":4},"end":{"line":17,"column":11}},"7":{"start":{"line":21,"column":0},"end":{"line":21,"column":31}}},"fnMap":{"0":{"name":"(anonymous_0)","decl":{"start":{"line":1,"column":18},"end":{"line":1,"column":19}},"loc":{"start":{"line":1,"column":32},"end":{"line":19,"column":1}},"line":1},"1":{"name":"(anonymous_1)","decl":{"start":{"line":2,"column":9},"end":{"line":2,"column":10}},"loc":{"start":{"line":2,"column":29},"end":{"line":18,"column":3}},"line":2}},"branchMap":{"0":{"loc":{"start":{"line":3,"column":4},"end":{"line":8,"column":5}},"type":"if","locations":[{"start":{"line":3,"column":4},"end":{"line":8,"column":5}},{"start":{},"end":{}}],"line":3},"1":{"loc":{"start":{"line":10,"column":4},"end":{"line":15,"column":5}},"type":"if","locations":[{"start":{"line":10,"column":4},"end":{"line":15,"column":5}},{"start":{},"end":{}}],"line":10}},"s":{"0":1,"1":3,"2":0,"3":0,"4":0,"5":0,"6":0,"7":1},"f":{"0":3,"1":0},"b":{"0":[0,0],"1":[0,0]},"_coverageSchema":"1a1c01bbd47fc00a2c39e90264f33305004495a9","hash":"19e6101b6273a6d9706d602288102957f4a86a07"}
,"C:\\Users\\HP\\E_rent\\backend\\routes\\auth.js": {"path":"C:\\Users\\HP\\E_rent\\backend\\routes\\auth.js","statementMap":{"0":{"start":{"line":1,"column":16},"end":{"line":1,"column":34}},"1":{"start":{"line":2,"column":15},"end":{"line":2,"column":31}},"2":{"start":{"line":3,"column":35},"end":{"line":3,"column":75}},"3":{"start":{"line":4,"column":20},"end":{"line":4,"column":49}},"4":{"start":{"line":9,"column":4},"end":{"line":9,"column":34}},"5":{"start":{"line":12,"column":0},"end":{"line":12,"column":65}},"6":{"start":{"line":15,"column":0},"end":{"line":15,"column":56}},"7":{"start":{"line":18,"column":0},"end":{"line":18,"column":34}},"8":{"start":{"line":20,"column":0},"end":{"line":20,"column":24}}},"fnMap":{},"branchMap":{},"s":{"0":1,"1":1,"2":1,"3":1,"4":1,"5":1,"6":1,"7":1,"8":1},"f":{},"b":{},"_coverageSchema":"1a1c01bbd47fc00a2c39e90264f33305004495a9","hash":"f1426ce4e989197be249ecbf0356c472200b765c"}
,"C:\\Users\\HP\\E_rent\\backend\\routes\\bookings.js": {"path":"C:\\Users\\HP\\E_rent\\backend\\routes\\bookings.js","statementMap":{"0":{"start":{"line":1,"column":16},"end":{"line":1,"column":34}},"1":{"start":{"line":2,"column":15},"end":{"line":2,"column":31}},"2":{"start":{"line":12,"column":4},"end":{"line":12,"column":47}},"3":{"start":{"line":13,"column":20},"end":{"line":13,"column":49}},"4":{"start":{"line":14,"column":40},"end":{"line":14,"column":70}},"5":{"start":{"line":17,"column":0},"end":{"line":17,"column":48}},"6":{"start":{"line":20,"column":0},"end":{"line":20,"column":49}},"7":{"start":{"line":23,"column":0},"end":{"line":23,"column":70}},"8":{"start":{"line":24,"column":0},"end":{"line":24,"column":51}},"9":{"start":{"line":25,"column":0},"end":{"line":25,"column":40}},"10":{"start":{"line":26,"column":0},"end":{"line":26,"column":43}},"11":{"start":{"line":27,"column":0},"end":{"line":27,"column":56}},"12":{"start":{"line":28,"column":0},"end":{"line":28,"column":46}},"13":{"start":{"line":30,"column":0},"end":{"line":30,"column":24}}},"fnMap":{},"branchMap":{},"s":{"0":1,"1":1,"2":1,"3":1,"4":1,"5":1,"6":1,"7":1,"8":1,"9":1,"10":1,"11":1,"12":1,"13":1},"f":{},"b":{},"_coverageSchema":"1a1c01bbd47fc00a2c39e90264f33305004495a9","hash":"278c8cb0e8bff9ff47367c963e1dc0ca73c3ea49"}
,"C:\\Users\\HP\\E_rent\\backend\\routes\\dashboard.js": {"path":"C:\\Users\\HP\\E_rent\\backend\\routes\\dashboard.js","statementMap":{"0":{"start":{"line":1,"column":16},"end":{"line":1,"column":34}},"1":{"start":{"line":2,"column":15},"end":{"line":2,"column":31}},"2":{"start":{"line":3,"column":25},"end":{"line":3,"column":70}},"3":{"start":{"line":4,"column":20},"end":{"line":4,"column":49}},"4":{"start":{"line":7,"column":0},"end":{"line":7,"column":39}},"5":{"start":{"line":9,"column":0},"end":{"line":9,"column":24}}},"fnMap":{},"branchMap":{},"s":{"0":1,"1":1,"2":1,"3":1,"4":1,"5":1},"f":{},"b":{},"_coverageSchema":"1a1c01bbd47fc00a2c39e90264f33305004495a9","hash":"bd08a5e58a68342818e925cc1e367d3a55f9958a"}
,"C:\\Users\\HP\\E_rent\\backend\\routes\\products.js": {"path":"C:\\Users\\HP\\E_rent\\backend\\routes\\products.js","statementMap":{"0":{"start":{"line":1,"column":16},"end":{"line":1,"column":34}},"1":{"start":{"line":2,"column":15},"end":{"line":2,"column":31}},"2":{"start":{"line":10,"column":4},"end":{"line":10,"column":47}},"3":{"start":{"line":11,"column":20},"end":{"line":11,"column":49}},"4":{"start":{"line":12,"column":22},"end":{"line":12,"column":56}},"5":{"start":{"line":13,"column":58},"end":{"line":13,"column":88}},"6":{"start":{"line":14,"column":34},"end":{"line":14,"column":76}},"7":{"start":{"line":17,"column":0},"end":{"line":17,"column":29}},"8":{"start":{"line":18,"column":0},"end":{"line":18,"column":38}},"9":{"start":{"line":21,"column":0},"end":{"line":21,"column":39}},"10":{"start":{"line":22,"column":0},"end":{"line":22,"column":76}},"11":{"start":{"line":25,"column":0},"end":{"line":25,"column":31}},"12":{"start":{"line":28,"column":0},"end":{"line":35,"column":2}},"13":{"start":{"line":37,"column":0},"end":{"line":42,"column":2}},"14":{"start":{"line":44,"column":0},"end":{"line":49,"column":2}},"15":{"start":{"line":51,"column":0},"end":{"line":51,"column":24}}},"fnMap":{},"branchMap":{},"s":{"0":1,"1":1,"2":1,"3":1,"4":1,"5":1,"6":1,"7":1,"8":1,"9":1,"10":1,"11":1,"12":1,"13":1,"14":1,"15":1},"f":{},"b":{},"_coverageSchema":"1a1c01bbd47fc00a2c39e90264f33305004495a9","hash":"1b25ee99f1868b7db6592fe21f0ded87150d73e8"}
,"C:\\Users\\HP\\E_rent\\backend\\services\\notificationService.js": {"path":"C:\\Users\\HP\\E_rent\\backend\\services\\notificationService.js","statementMap":{"0":{"start":{"line":1,"column":19},"end":{"line":1,"column":40}},"1":{"start":{"line":5,"column":20},"end":{"line":12,"column":2}},"2":{"start":{"line":21,"column":18},"end":{"line":35,"column":1}},"3":{"start":{"line":22,"column":2},"end":{"line":34,"column":3}},"4":{"start":{"line":23,"column":17},"end":{"line":28,"column":6}},"5":{"start":{"line":29,"column":4},"end":{"line":29,"column":47}},"6":{"start":{"line":30,"column":4},"end":{"line":30,"column":16}},"7":{"start":{"line":32,"column":4},"end":{"line":32,"column":41}},"8":{"start":{"line":33,"column":4},"end":{"line":33,"column":16}},"9":{"start":{"line":54,"column":32},"end":{"line":121,"column":1}},"10":{"start":{"line":55,"column":2},"end":{"line":120,"column":3}},"11":{"start":{"line":58,"column":4},"end":{"line":106,"column":5}},"12":{"start":{"line":60,"column":8},"end":{"line":60,"column":49}},"13":{"start":{"line":61,"column":8},"end":{"line":67,"column":10}},"14":{"start":{"line":68,"column":8},"end":{"line":68,"column":123}},"15":{"start":{"line":69,"column":8},"end":{"line":69,"column":14}},"16":{"start":{"line":72,"column":8},"end":{"line":72,"column":38}},"17":{"start":{"line":73,"column":8},"end":{"line":79,"column":10}},"18":{"start":{"line":80,"column":8},"end":{"line":80,"column":169}},"19":{"start":{"line":81,"column":8},"end":{"line":81,"column":14}},"20":{"start":{"line":84,"column":8},"end":{"line":84,"column":36}},"21":{"start":{"line":85,"column":8},"end":{"line":89,"column":10}},"22":{"start":{"line":90,"column":8},"end":{"line":90,"column":64}},"23":{"start":{"line":91,"column":8},"end":{"line":91,"column":14}},"24":{"start":{"line":94,"column":8},"end":{"line":94,"column":38}},"25":{"start":{"line":95,"column":8},"end":{"line":100,"column":10}},"26":{"start":{"line":101,"column":8},"end":{"line":101,"column":97}},"27":{"start":{"line":102,"column":8},"end":{"line":102,"column":14}},"28":{"start":{"line":105,"column":8},"end":{"line":105,"column":15}},"29":{"start":{"line":109,"column":4},"end":{"line":111,"column":5}},"30":{"start":{"line":110,"column":6},"end":{"line":110,"column":49}},"31":{"start":{"line":118,"column":4},"end":{"line":118,"column":48}},"32":{"start":{"line":123,"column":0},"end":{"line":127,"column":2}}},"fnMap":{"0":{"name":"(anonymous_0)","decl":{"start":{"line":21,"column":18},"end":{"line":21,"column":19}},"loc":{"start":{"line":21,"column":47},"end":{"line":35,"column":1}},"line":21},"1":{"name":"(anonymous_1)","decl":{"start":{"line":54,"column":32},"end":{"line":54,"column":33}},"loc":{"start":{"line":54,"column":65},"end":{"line":121,"column":1}},"line":54}},"branchMap":{"0":{"loc":{"start":{"line":58,"column":4},"end":{"line":106,"column":5}},"type":"switch","locations":[{"start":{"line":59,"column":6},"end":{"line":69,"column":14}},{"start":{"line":71,"column":6},"end":{"line":81,"column":14}},{"start":{"line":83,"column":6},"end":{"line":91,"column":14}},{"start":{"line":93,"column":6},"end":{"line":102,"column":14}},{"start":{"line":104,"column":6},"end":{"line":105,"column":15}}],"line":58},"1":{"loc":{"start":{"line":109,"column":4},"end":{"line":111,"column":5}},"type":"if","locations":[{"start":{"line":109,"column":4},"end":{"line":111,"column":5}},{"start":{},"end":{}}],"line":109},"2":{"loc":{"start":{"line":109,"column":8},"end":{"line":109,"column":26}},"type":"binary-expr","locations":[{"start":{"line":109,"column":8},"end":{"line":109,"column":12}},{"start":{"line":109,"column":16},"end":{"line":109,"column":26}}],"line":109}},"s":{"0":2,"1":2,"2":2,"3":0,"4":0,"5":0,"6":0,"7":0,"8":0,"9":2,"10":1,"11":1,"12":1,"13":1,"14":1,"15":1,"16":0,"17":0,"18":0,"19":0,"20":0,"21":0,"22":0,"23":0,"24":0,"25":0,"26":0,"27":0,"28":0,"29":1,"30":0,"31":0,"32":2},"f":{"0":0,"1":1},"b":{"0":[1,0,0,0,0],"1":[0,1],"2":[1,1]},"_coverageSchema":"1a1c01bbd47fc00a2c39e90264f33305004495a9","hash":"c50c89a3ca49f11011769fbcdefdb37e4425f41f"}
,"C:\\Users\\HP\\E_rent\\backend\\services\\paymentService.js": {"path":"C:\\Users\\HP\\E_rent\\backend\\services\\paymentService.js","statementMap":{"0":{"start":{"line":1,"column":17},"end":{"line":1,"column":45}},"1":{"start":{"line":2,"column":15},"end":{"line":2,"column":32}},"2":{"start":{"line":5,"column":27},"end":{"line":21,"column":1}},"3":{"start":{"line":6,"column":2},"end":{"line":20,"column":3}},"4":{"start":{"line":7,"column":20},"end":{"line":14,"column":5}},"5":{"start":{"line":16,"column":18},"end":{"line":16,"column":55}},"6":{"start":{"line":17,"column":4},"end":{"line":17,"column":17}},"7":{"start":{"line":19,"column":4},"end":{"line":19,"column":71}},"8":{"start":{"line":24,"column":31},"end":{"line":32,"column":1}},"9":{"start":{"line":25,"column":15},"end":{"line":25,"column":40}},"10":{"start":{"line":26,"column":28},"end":{"line":29,"column":18}},"11":{"start":{"line":31,"column":2},"end":{"line":31,"column":41}},"12":{"start":{"line":35,"column":26},"end":{"line":42,"column":1}},"13":{"start":{"line":36,"column":2},"end":{"line":41,"column":3}},"14":{"start":{"line":37,"column":20},"end":{"line":37,"column":60}},"15":{"start":{"line":38,"column":4},"end":{"line":38,"column":19}},"16":{"start":{"line":40,"column":4},"end":{"line":40,"column":73}},"17":{"start":{"line":45,"column":23},"end":{"line":54,"column":1}},"18":{"start":{"line":46,"column":2},"end":{"line":53,"column":3}},"19":{"start":{"line":47,"column":19},"end":{"line":49,"column":6}},"20":{"start":{"line":50,"column":4},"end":{"line":50,"column":18}},"21":{"start":{"line":52,"column":4},"end":{"line":52,"column":55}},"22":{"start":{"line":56,"column":0},"end":{"line":61,"column":2}}},"fnMap":{"0":{"name":"(anonymous_0)","decl":{"start":{"line":5,"column":27},"end":{"line":5,"column":28}},"loc":{"start":{"line":5,"column":56},"end":{"line":21,"column":1}},"line":5},"1":{"name":"(anonymous_1)","decl":{"start":{"line":24,"column":31},"end":{"line":24,"column":32}},"loc":{"start":{"line":24,"column":66},"end":{"line":32,"column":1}},"line":24},"2":{"name":"(anonymous_2)","decl":{"start":{"line":35,"column":26},"end":{"line":35,"column":27}},"loc":{"start":{"line":35,"column":47},"end":{"line":42,"column":1}},"line":35},"3":{"name":"(anonymous_3)","decl":{"start":{"line":45,"column":23},"end":{"line":45,"column":24}},"loc":{"start":{"line":45,"column":52},"end":{"line":54,"column":1}},"line":45}},"branchMap":{},"s":{"0":0,"1":0,"2":0,"3":0,"4":0,"5":0,"6":0,"7":0,"8":0,"9":0,"10":0,"11":0,"12":0,"13":0,"14":0,"15":0,"16":0,"17":0,"18":0,"19":0,"20":0,"21":0,"22":0},"f":{"0":0,"1":0,"2":0,"3":0},"b":{}}
}
