TN:
SF:controllers\authController.js
FN:7,(anonymous_0)
FN:59,(anonymous_1)
FN:104,(anonymous_2)
FNF:3
FNH:0
FNDA:0,(anonymous_0)
FNDA:0,(anonymous_1)
FNDA:0,(anonymous_2)
DA:1,1
DA:2,1
DA:7,1
DA:8,0
DA:9,0
DA:12,0
DA:14,0
DA:15,0
DA:22,0
DA:31,0
DA:32,0
DA:43,0
DA:49,0
DA:59,1
DA:60,0
DA:61,0
DA:64,0
DA:66,0
DA:67,0
DA:74,0
DA:76,0
DA:77,0
DA:83,0
DA:94,0
DA:104,1
DA:105,0
DA:106,0
DA:108,0
DA:113,0
DA:120,1
LF:30
LH:6
BRDA:14,0,0,0
BRDA:14,0,1,0
BRDA:26,1,0,0
BRDA:26,1,1,0
BRDA:31,2,0,0
BRDA:31,2,1,0
BRDA:66,3,0,0
BRDA:66,3,1,0
BRDA:76,4,0,0
BRDA:76,4,1,0
BRF:10
BRH:0
end_of_record
TN:
SF:controllers\bookingController.js
FN:8,(anonymous_0)
FN:26,(anonymous_1)
FN:94,(anonymous_2)
FN:140,(anonymous_3)
FN:152,(anonymous_4)
FN:173,(anonymous_5)
FN:230,(anonymous_6)
FN:266,(anonymous_7)
FN:295,(anonymous_8)
FNF:9
FNH:4
FNDA:3,(anonymous_0)
FNDA:2,(anonymous_1)
FNDA:0,(anonymous_2)
FNDA:0,(anonymous_3)
FNDA:0,(anonymous_4)
FNDA:1,(anonymous_5)
FNDA:1,(anonymous_6)
FNDA:0,(anonymous_7)
FNDA:0,(anonymous_8)
DA:1,2
DA:2,2
DA:3,2
DA:4,2
DA:5,2
DA:6,2
DA:8,2
DA:9,3
DA:16,3
DA:17,1
DA:20,3
DA:26,2
DA:27,2
DA:28,2
DA:29,2
DA:31,2
DA:32,0
DA:35,2
DA:36,0
DA:39,2
DA:40,2
DA:41,2
DA:43,2
DA:44,0
DA:47,2
DA:48,2
DA:49,1
DA:55,1
DA:57,1
DA:67,1
DA:77,1
DA:78,1
DA:79,1
DA:81,1
DA:87,0
DA:94,2
DA:95,0
DA:96,0
DA:98,0
DA:99,0
DA:102,0
DA:107,0
DA:108,0
DA:111,0
DA:115,0
DA:116,0
DA:119,0
DA:120,0
DA:123,0
DA:124,0
DA:125,0
DA:127,0
DA:128,0
DA:130,0
DA:132,0
DA:133,0
DA:140,2
DA:141,0
DA:142,0
DA:143,0
DA:145,0
DA:152,2
DA:153,0
DA:154,0
DA:156,0
DA:157,0
DA:160,0
DA:161,0
DA:164,0
DA:166,0
DA:173,2
DA:174,1
DA:175,1
DA:177,1
DA:178,0
DA:181,1
DA:182,0
DA:185,1
DA:186,0
DA:189,1
DA:190,1
DA:192,1
DA:193,0
DA:196,1
DA:203,1
DA:204,1
DA:210,0
DA:211,0
DA:212,0
DA:214,0
DA:220,0
DA:221,0
DA:223,0
DA:230,2
DA:231,1
DA:232,1
DA:234,1
DA:235,0
DA:238,1
DA:239,0
DA:242,1
DA:243,0
DA:246,1
DA:247,0
DA:250,1
DA:251,1
DA:253,1
DA:259,0
DA:266,2
DA:267,0
DA:268,0
DA:270,0
DA:271,0
DA:274,0
DA:275,0
DA:278,0
DA:279,0
DA:280,0
DA:282,0
DA:288,0
DA:295,2
DA:296,0
DA:297,0
DA:299,0
DA:300,0
DA:301,0
DA:303,0
DA:304,0
DA:305,0
DA:306,0
DA:307,0
DA:311,0
DA:313,0
DA:314,0
DA:318,2
LF:135
LH:59
BRDA:8,0,0,2
BRDA:16,1,0,1
BRDA:16,1,1,2
BRDA:31,2,0,0
BRDA:31,2,1,2
BRDA:35,3,0,0
BRDA:35,3,1,2
BRDA:43,4,0,0
BRDA:43,4,1,2
BRDA:48,5,0,1
BRDA:48,5,1,1
BRDA:98,6,0,0
BRDA:98,6,1,0
BRDA:98,7,0,0
BRDA:98,7,1,0
BRDA:98,7,2,0
BRDA:107,8,0,0
BRDA:107,8,1,0
BRDA:111,9,0,0
BRDA:111,9,1,0
BRDA:115,10,0,0
BRDA:115,10,1,0
BRDA:119,11,0,0
BRDA:119,11,1,0
BRDA:119,12,0,0
BRDA:119,12,1,0
BRDA:156,13,0,0
BRDA:156,13,1,0
BRDA:160,14,0,0
BRDA:160,14,1,0
BRDA:160,15,0,0
BRDA:160,15,1,0
BRDA:177,16,0,0
BRDA:177,16,1,1
BRDA:181,17,0,0
BRDA:181,17,1,1
BRDA:181,18,0,1
BRDA:181,18,1,0
BRDA:185,19,0,0
BRDA:185,19,1,1
BRDA:189,20,0,1
BRDA:189,20,1,0
BRDA:190,21,0,1
BRDA:190,21,1,0
BRDA:192,22,0,0
BRDA:192,22,1,1
BRDA:203,23,0,1
BRDA:203,23,1,0
BRDA:234,24,0,0
BRDA:234,24,1,1
BRDA:238,25,0,0
BRDA:238,25,1,1
BRDA:238,26,0,1
BRDA:238,26,1,0
BRDA:242,27,0,0
BRDA:242,27,1,1
BRDA:246,28,0,0
BRDA:246,28,1,1
BRDA:270,29,0,0
BRDA:270,29,1,0
BRDA:274,30,0,0
BRDA:274,30,1,0
BRDA:274,31,0,0
BRDA:274,31,1,0
BRDA:299,32,0,0
BRDA:299,32,1,0
BRDA:303,33,0,0
BRDA:303,33,1,0
BRF:68
BRH:21
end_of_record
TN:
SF:controllers\dashboardController.js
FN:7,(anonymous_0)
FN:20,(anonymous_1)
FN:32,(anonymous_2)
FN:33,(anonymous_3)
FN:34,(anonymous_4)
FN:36,(anonymous_5)
FN:37,(anonymous_6)
FN:39,(anonymous_7)
FN:40,(anonymous_8)
FNF:9
FNH:0
FNDA:0,(anonymous_0)
FNDA:0,(anonymous_1)
FNDA:0,(anonymous_2)
FNDA:0,(anonymous_3)
FNDA:0,(anonymous_4)
FNDA:0,(anonymous_5)
FNDA:0,(anonymous_6)
FNDA:0,(anonymous_7)
FNDA:0,(anonymous_8)
DA:1,1
DA:2,1
DA:7,1
DA:8,0
DA:10,0
DA:15,0
DA:20,0
DA:21,0
DA:29,0
DA:32,0
DA:33,0
DA:34,0
DA:36,0
DA:37,0
DA:39,0
DA:40,0
DA:43,0
DA:53,0
DA:60,1
LF:19
LH:4
BRF:0
BRH:0
end_of_record
TN:
SF:controllers\productController.js
FN:6,(anonymous_0)
FN:46,(anonymous_1)
FN:92,(anonymous_2)
FN:121,(anonymous_3)
FN:159,(anonymous_4)
FN:198,(anonymous_5)
FNF:6
FNH:0
FNDA:0,(anonymous_0)
FNDA:0,(anonymous_1)
FNDA:0,(anonymous_2)
FNDA:0,(anonymous_3)
FNDA:0,(anonymous_4)
FNDA:0,(anonymous_5)
DA:1,1
DA:6,1
DA:7,0
DA:8,0
DA:10,0
DA:12,0
DA:13,0
DA:14,0
DA:15,0
DA:16,0
DA:17,0
DA:20,0
DA:26,0
DA:28,0
DA:36,0
DA:46,1
DA:47,0
DA:48,0
DA:50,0
DA:53,0
DA:54,0
DA:62,0
DA:63,0
DA:74,0
DA:76,0
DA:82,0
DA:92,1
DA:93,0
DA:94,0
DA:99,0
DA:100,0
DA:106,0
DA:111,0
DA:121,1
DA:122,0
DA:131,0
DA:133,0
DA:144,0
DA:149,0
DA:159,1
DA:160,0
DA:161,0
DA:163,0
DA:164,0
DA:171,0
DA:172,0
DA:178,0
DA:183,0
DA:188,0
DA:198,1
DA:199,0
DA:200,0
DA:202,0
DA:203,0
DA:210,0
DA:211,0
DA:217,0
DA:219,0
DA:225,0
DA:232,1
LF:60
LH:8
BRDA:8,0,0,0
BRDA:8,1,0,0
BRDA:12,2,0,0
BRDA:12,2,1,0
BRDA:13,3,0,0
BRDA:13,3,1,0
BRDA:14,4,0,0
BRDA:14,4,1,0
BRDA:14,5,0,0
BRDA:14,5,1,0
BRDA:16,6,0,0
BRDA:16,6,1,0
BRDA:17,7,0,0
BRDA:17,7,1,0
BRDA:48,8,0,0
BRDA:53,9,0,0
BRDA:53,9,1,0
BRDA:62,10,0,0
BRDA:62,10,1,0
BRDA:62,11,0,0
BRDA:62,11,1,0
BRDA:99,12,0,0
BRDA:99,12,1,0
BRDA:163,13,0,0
BRDA:163,13,1,0
BRDA:171,14,0,0
BRDA:171,14,1,0
BRDA:171,15,0,0
BRDA:171,15,1,0
BRDA:202,16,0,0
BRDA:202,16,1,0
BRDA:210,17,0,0
BRDA:210,17,1,0
BRDA:210,18,0,0
BRDA:210,18,1,0
BRF:35
BRH:0
end_of_record
TN:
SF:controllers\reviewController.js
FN:9,(anonymous_0)
FN:67,(anonymous_1)
FNF:2
FNH:0
FNDA:0,(anonymous_0)
FNDA:0,(anonymous_1)
DA:1,1
DA:2,1
DA:3,1
DA:4,1
DA:9,1
DA:10,0
DA:11,0
DA:12,0
DA:14,0
DA:15,0
DA:16,0
DA:20,0
DA:26,0
DA:27,0
DA:34,0
DA:35,0
DA:36,0
DA:39,0
DA:47,0
DA:52,0
DA:53,0
DA:54,0
DA:55,0
DA:58,0
DA:60,0
DA:67,1
DA:68,0
DA:69,0
DA:70,0
DA:72,0
DA:78,0
DA:80,0
DA:82,0
DA:86,1
LF:34
LH:7
BRDA:15,0,0,0
BRDA:15,0,1,0
BRDA:26,1,0,0
BRDA:26,1,1,0
BRDA:35,2,0,0
BRDA:35,2,1,0
BRDA:52,3,0,0
BRDA:52,3,1,0
BRDA:70,4,0,0
BRDA:70,5,0,0
BRF:10
BRH:0
end_of_record
TN:
SF:middleware\auth.js
FN:4,(anonymous_0)
FNF:1
FNH:1
FNDA:3,(anonymous_0)
DA:1,1
DA:2,1
DA:4,1
DA:7,3
DA:11,1
DA:13,1
DA:16,1
DA:19,0
DA:21,0
DA:22,0
DA:28,0
DA:30,1
DA:31,1
DA:38,2
DA:39,2
DA:46,1
LF:16
LH:12
BRDA:7,0,0,1
BRDA:7,0,1,2
BRDA:8,1,0,3
BRDA:8,1,1,1
BRDA:21,2,0,0
BRDA:21,2,1,0
BRDA:38,3,0,2
BRDA:38,3,1,0
BRF:8
BRH:5
end_of_record
TN:
SF:middleware\roleCheck.js
FN:1,(anonymous_0)
FN:2,(anonymous_1)
FNF:2
FNH:1
FNDA:3,(anonymous_0)
FNDA:0,(anonymous_1)
DA:1,1
DA:2,3
DA:3,0
DA:4,0
DA:10,0
DA:11,0
DA:17,0
DA:21,1
LF:8
LH:3
BRDA:3,0,0,0
BRDA:3,0,1,0
BRDA:10,1,0,0
BRDA:10,1,1,0
BRF:4
BRH:0
end_of_record
TN:
SF:routes\auth.js
FNF:0
FNH:0
DA:1,1
DA:2,1
DA:3,1
DA:4,1
DA:9,1
DA:12,1
DA:15,1
DA:18,1
DA:20,1
LF:9
LH:9
BRF:0
BRH:0
end_of_record
TN:
SF:routes\bookings.js
FNF:0
FNH:0
DA:1,1
DA:2,1
DA:12,1
DA:13,1
DA:14,1
DA:17,1
DA:20,1
DA:23,1
DA:24,1
DA:25,1
DA:26,1
DA:27,1
DA:28,1
DA:30,1
LF:14
LH:14
BRF:0
BRH:0
end_of_record
TN:
SF:routes\dashboard.js
FNF:0
FNH:0
DA:1,1
DA:2,1
DA:3,1
DA:4,1
DA:7,1
DA:9,1
LF:6
LH:6
BRF:0
BRH:0
end_of_record
TN:
SF:routes\products.js
FNF:0
FNH:0
DA:1,1
DA:2,1
DA:10,1
DA:11,1
DA:12,1
DA:13,1
DA:14,1
DA:17,1
DA:18,1
DA:21,1
DA:22,1
DA:25,1
DA:28,1
DA:37,1
DA:44,1
DA:51,1
LF:16
LH:16
BRF:0
BRH:0
end_of_record
TN:
SF:services\notificationService.js
FN:21,(anonymous_0)
FN:54,(anonymous_1)
FNF:2
FNH:1
FNDA:0,(anonymous_0)
FNDA:1,(anonymous_1)
DA:1,2
DA:5,2
DA:21,2
DA:22,0
DA:23,0
DA:29,0
DA:30,0
DA:32,0
DA:33,0
DA:54,2
DA:55,1
DA:58,1
DA:60,1
DA:61,1
DA:68,1
DA:69,1
DA:72,0
DA:73,0
DA:80,0
DA:81,0
DA:84,0
DA:85,0
DA:90,0
DA:91,0
DA:94,0
DA:95,0
DA:101,0
DA:102,0
DA:105,0
DA:109,1
DA:110,0
DA:118,0
DA:123,2
LF:33
LH:12
BRDA:58,0,0,1
BRDA:58,0,1,0
BRDA:58,0,2,0
BRDA:58,0,3,0
BRDA:58,0,4,0
BRDA:109,1,0,0
BRDA:109,1,1,1
BRDA:109,2,0,1
BRDA:109,2,1,1
BRF:9
BRH:4
end_of_record
TN:
SF:services\paymentService.js
FN:5,(anonymous_0)
FN:24,(anonymous_1)
FN:35,(anonymous_2)
FN:45,(anonymous_3)
FNF:4
FNH:0
FNDA:0,(anonymous_0)
FNDA:0,(anonymous_1)
FNDA:0,(anonymous_2)
FNDA:0,(anonymous_3)
DA:1,0
DA:2,0
DA:5,0
DA:6,0
DA:7,0
DA:16,0
DA:17,0
DA:19,0
DA:24,0
DA:25,0
DA:26,0
DA:31,0
DA:35,0
DA:36,0
DA:37,0
DA:38,0
DA:40,0
DA:45,0
DA:46,0
DA:47,0
DA:50,0
DA:52,0
DA:56,0
LF:23
LH:0
BRF:0
BRH:0
end_of_record
